<?xml version="1.0" encoding="UTF-8" ?>
<testsuites name="vitest tests" tests="7" failures="0" errors="0" time="208.327">
    <testsuite name="tests/scalar/scalar-market-pyth.test.ts" timestamp="2025-09-29T03:13:52.888Z" hostname="Mikes-MacBook-Pro.local" tests="7" failures="0" errors="0" skipped="0" time="0.778">
        <testcase classname="tests/scalar/scalar-market-pyth.test.ts" name="claiming errors &gt; create binary market ok" time="0.113">
        </testcase>
        <testcase classname="tests/scalar/scalar-market-pyth.test.ts" name="claiming errors &gt; create ok" time="0.096">
        </testcase>
        <testcase classname="tests/scalar/scalar-market-pyth.test.ts" name="claiming errors &gt; create and stake not ok on unknown category" time="0.114">
        </testcase>
        <testcase classname="tests/scalar/scalar-market-pyth.test.ts" name="claiming errors &gt; create and stake ok" time="0.109">
        </testcase>
        <testcase classname="tests/scalar/scalar-market-pyth.test.ts" name="claiming errors &gt; res agent cannot stake" time="0.108">
        </testcase>
        <testcase classname="tests/scalar/scalar-market-pyth.test.ts" name="claiming errors &gt; create and stake spread ok" time="0.112">
        </testcase>
        <testcase classname="tests/scalar/scalar-market-pyth.test.ts" name="claiming errors &gt; resolve to category 5 for STX/USD/0" time="0.126">
        </testcase>
    </testsuite>
</testsuites>
