<?xml version="1.0" encoding="UTF-8" ?>
<testsuites name="vitest tests" tests="19" failures="0" errors="0" time="1.274">
    <testsuite name="tests/predictions/resolving.test.ts" timestamp="2025-10-10T14:26:16.291Z" hostname="Mikes-MacBook-Pro.local" tests="19" failures="0" errors="0" skipped="0" time="0">
        <testcase classname="tests/predictions/resolving.test.ts" name="claiming errors &gt; err too few categories" time="0">
        </testcase>
        <testcase classname="tests/predictions/resolving.test.ts" name="claiming errors &gt; create binary market ok" time="0">
        </testcase>
        <testcase classname="tests/predictions/resolving.test.ts" name="claiming errors &gt; create ok" time="0">
        </testcase>
        <testcase classname="tests/predictions/resolving.test.ts" name="claiming errors &gt; create and stake not ok on unknown category" time="0">
        </testcase>
        <testcase classname="tests/predictions/resolving.test.ts" name="claiming errors &gt; create and stake ok" time="0">
        </testcase>
        <testcase classname="tests/predictions/resolving.test.ts" name="claiming errors &gt; res agent cannot stake" time="0">
        </testcase>
        <testcase classname="tests/predictions/resolving.test.ts" name="claiming errors &gt; create and stake spread ok" time="0">
        </testcase>
        <testcase classname="tests/predictions/resolving.test.ts" name="claiming errors &gt; resolve ok" time="0">
        </testcase>
        <testcase classname="tests/predictions/resolving.test.ts" name="claiming errors &gt; resolve undisputed requires window to elapse" time="0">
        </testcase>
        <testcase classname="tests/predictions/resolving.test.ts" name="claiming errors &gt; resolve undisputed requires window to elapse" time="0">
        </testcase>
        <testcase classname="tests/predictions/resolving.test.ts" name="claiming errors &gt; resolve undisputed requires window to elapse" time="0">
        </testcase>
        <testcase classname="tests/predictions/resolving.test.ts" name="claiming errors &gt; claim err-user-not-winner-or-claimed" time="0">
        </testcase>
        <testcase classname="tests/predictions/resolving.test.ts" name="claiming errors &gt; claim loser ok" time="0">
        </testcase>
        <testcase classname="tests/predictions/resolving.test.ts" name="claiming errors &gt; claim winner ok" time="0">
        </testcase>
        <testcase classname="tests/predictions/resolving.test.ts" name="resolving errors &gt; only dev can resolve" time="0">
        </testcase>
        <testcase classname="tests/predictions/resolving.test.ts" name="resolving errors &gt; err-market-not-found" time="0">
        </testcase>
        <testcase classname="tests/predictions/resolving.test.ts" name="resolving errors &gt; err-already-concluded" time="0">
        </testcase>
        <testcase classname="tests/predictions/resolving.test.ts" name="resolve market &gt; resolve market yes" time="0">
        </testcase>
        <testcase classname="tests/predictions/resolving.test.ts" name="resolve market &gt; resolve market no bids" time="0">
        </testcase>
    </testsuite>
</testsuites>
