<?xml version="1.0" encoding="UTF-8" ?>
<testsuites name="vitest tests" tests="9" failures="0" errors="0" time="59931.46">
    <testsuite name="tests/gating/account-gating.test.ts" timestamp="2025-10-12T08:54:52.599Z" hostname="Mikes-MacBook-Pro.local" tests="9" failures="0" errors="0" skipped="0" time="0.94">
        <testcase classname="tests/gating/account-gating.test.ts" name="gating market  creation &gt; err-expecting-merkle-root-for-poll" time="0.118">
            <system-out>
{ event: &quot;execute&quot;, proposal: (ST1PQHQKV0RJXZFY1DGX8MNSNYVE3VGZJSRTPGZGM.bdp000-bootstrap as &lt;SP3JP0N1ZXGASRJ0F7QAHWFPGTVK9T2XNXDB908Z.proposal-trait.proposal-trait&gt;) } (bigmarket-dao:63)
{ enabled: true, event: &quot;extension&quot;, extension: &apos;ST1PQHQKV0RJXZFY1DGX8MNSNYVE3VGZJSRTPGZGM.bme000-0-governance-token } (bigmarket-dao:41)
{ enabled: true, event: &quot;extension&quot;, extension: &apos;ST1PQHQKV0RJXZFY1DGX8MNSNYVE3VGZJSRTPGZGM.bme001-0-proposal-voting } (bigmarket-dao:41)
{ enabled: true, event: &quot;extension&quot;, extension: &apos;ST1PQHQKV0RJXZFY1DGX8MNSNYVE3VGZJSRTPGZGM.bme003-0-core-proposals } (bigmarket-dao:41)
{ enabled: true, event: &quot;extension&quot;, extension: &apos;ST1PQHQKV0RJXZFY1DGX8MNSNYVE3VGZJSRTPGZGM.bme004-0-core-execute } (bigmarket-dao:41)
{ enabled: true, event: &quot;extension&quot;, extension: &apos;ST1PQHQKV0RJXZFY1DGX8MNSNYVE3VGZJSRTPGZGM.bme006-0-treasury } (bigmarket-dao:41)
{ enabled: true, event: &quot;extension&quot;, extension: &apos;ST1PQHQKV0RJXZFY1DGX8MNSNYVE3VGZJSRTPGZGM.bme010-0-token-sale } (bigmarket-dao:41)
{ enabled: true, event: &quot;extension&quot;, extension: &apos;ST1PQHQKV0RJXZFY1DGX8MNSNYVE3VGZJSRTPGZGM.bme010-0-liquidity-contribution } (bigmarket-dao:41)
{ enabled: true, event: &quot;extension&quot;, extension: &apos;ST1PQHQKV0RJXZFY1DGX8MNSNYVE3VGZJSRTPGZGM.bme021-0-market-voting } (bigmarket-dao:41)
{ enabled: true, event: &quot;extension&quot;, extension: &apos;ST1PQHQKV0RJXZFY1DGX8MNSNYVE3VGZJSRTPGZGM.bme022-0-market-gating } (bigmarket-dao:41)
{ enabled: true, event: &quot;extension&quot;, extension: &apos;ST1PQHQKV0RJXZFY1DGX8MNSNYVE3VGZJSRTPGZGM.bme023-0-market-bitcoin } (bigmarket-dao:41)
{ enabled: true, event: &quot;extension&quot;, extension: &apos;ST1PQHQKV0RJXZFY1DGX8MNSNYVE3VGZJSRTPGZGM.bme024-0-market-predicting } (bigmarket-dao:41)
{ enabled: true, event: &quot;extension&quot;, extension: &apos;ST1PQHQKV0RJXZFY1DGX8MNSNYVE3VGZJSRTPGZGM.bme024-0-market-scalar-pyth } (bigmarket-dao:41)
{ enabled: true, event: &quot;extension&quot;, extension: &apos;ST1PQHQKV0RJXZFY1DGX8MNSNYVE3VGZJSRTPGZGM.bme030-0-reputation-token } (bigmarket-dao:41)
{ enabled: true, event: &quot;extension&quot;, extension: &apos;ST1PQHQKV0RJXZFY1DGX8MNSNYVE3VGZJSRTPGZGM.bme040-0-shares-marketplace } (bigmarket-dao:41)
{ event: &quot;set-core-team-member&quot;, member: true, who: &apos;ST1PQHQKV0RJXZFY1DGX8MNSNYVE3VGZJSRTPGZGM } (bme003-0-core-proposals:48)
{ event: &quot;set-core-team-member&quot;, member: true, who: &apos;ST1SJ3DTE5DN7X54YDH5D64R3BCB6A2AG2ZQ8YPD5 } (bme003-0-core-proposals:48)
{ contract-id: &apos;ST1PQHQKV0RJXZFY1DGX8MNSNYVE3VGZJSRTPGZGM.bme024-0-market-scalar-pyth, contract-key: 0xf131a25d1309392f4a51317bbd59d274865a348e4ef6d1eb40f92f56edbe55ef, contract-name: 0x0d0000001b626d653032342d302d6d61726b65742d7363616c61722d70797468, event: &quot;set-merkle-root-by-principal&quot;, merkle-root: (some { merkle-root: 0x26067618f71da1da6fa33c9b7f8d989b87f71ade892e1c55ce3b46ac79a7e64e }) } (bme022-0-market-gating:68)
{ contract-id: &apos;ST1PQHQKV0RJXZFY1DGX8MNSNYVE3VGZJSRTPGZGM.bme024-0-market-predicting, contract-key: 0x54abdeef6da725ddae0b3ed6775656128b152c636a5a44508153639838c60c1b, contract-name: 0x0d0000001a626d653032342d302d6d61726b65742d70726564696374696e67, event: &quot;set-merkle-root-by-principal&quot;, merkle-root: (some { merkle-root: 0x26067618f71da1da6fa33c9b7f8d989b87f71ade892e1c55ce3b46ac79a7e64e }) } (bme022-0-market-gating:68)
{ contract-id: &apos;ST1PQHQKV0RJXZFY1DGX8MNSNYVE3VGZJSRTPGZGM.bme024-0-market-scalar-pyth, contract-key: 0xf131a25d1309392f4a51317bbd59d274865a348e4ef6d1eb40f92f56edbe55ef, contract-name: 0x0d0000001b626d653032342d302d6d61726b65742d7363616c61722d70797468, event: &quot;set-merkle-root-by-principal&quot;, merkle-root: (some { merkle-root: 0x26067618f71da1da6fa33c9b7f8d989b87f71ade892e1c55ce3b46ac79a7e64e }) } (bme022-0-market-gating:68)
{ enabled: true, event: &quot;allowed-token&quot;, token: &apos;ST1PQHQKV0RJXZFY1DGX8MNSNYVE3VGZJSRTPGZGM.wrapped-stx } (bme024-0-market-predicting:145)
{ enabled: true, event: &quot;allowed-token&quot;, token: &apos;ST1PQHQKV0RJXZFY1DGX8MNSNYVE3VGZJSRTPGZGM.sbtc } (bme024-0-market-predicting:145)
{ enabled: true, event: &quot;allowed-token&quot;, token: &apos;ST1PQHQKV0RJXZFY1DGX8MNSNYVE3VGZJSRTPGZGM.tusdh } (bme024-0-market-predicting:145)
{ enabled: true, event: &quot;allowed-token&quot;, token: &apos;ST1PQHQKV0RJXZFY1DGX8MNSNYVE3VGZJSRTPGZGM.tpepe } (bme024-0-market-predicting:145)
{ default-hedge-executor: &apos;ST1PQHQKV0RJXZFY1DGX8MNSNYVE3VGZJSRTPGZGM.bme032-0-scalar-strategy-hedge, event: &quot;default-hedge-executor&quot; } (bme024-0-market-predicting:165)
{ enabled: true, event: &quot;allowed-token&quot;, token: &apos;ST1PQHQKV0RJXZFY1DGX8MNSNYVE3VGZJSRTPGZGM.wrapped-stx } (bme024-0-market-scalar-pyth:164)
{ enabled: true, event: &quot;allowed-token&quot;, token: &apos;ST1PQHQKV0RJXZFY1DGX8MNSNYVE3VGZJSRTPGZGM.sbtc } (bme024-0-market-scalar-pyth:164)
{ enabled: true, event: &quot;allowed-token&quot;, token: &apos;ST1PQHQKV0RJXZFY1DGX8MNSNYVE3VGZJSRTPGZGM.tusdh } (bme024-0-market-scalar-pyth:164)
{ enabled: true, event: &quot;allowed-token&quot;, token: &apos;ST1PQHQKV0RJXZFY1DGX8MNSNYVE3VGZJSRTPGZGM.tpepe } (bme024-0-market-scalar-pyth:164)
{ default-hedge-executor: &apos;ST1PQHQKV0RJXZFY1DGX8MNSNYVE3VGZJSRTPGZGM.bme032-0-scalar-strategy-hedge, event: &quot;default-hedge-executor&quot; } (bme024-0-market-scalar-pyth:184)
{ event: &quot;price-band-width&quot;, feed-id: 0xec7a775f46379b5e943c3526b1c8d54cd49749176b0b98e02dde68d1bd335c17, precent: u2000 } (bme024-0-market-scalar-pyth:202)
{ event: &quot;price-band-width&quot;, feed-id: 0xe62df6c8b4a85fe1a67db44dc12de5db330f7ac66b72dc658afedf0f4a415b43, precent: u100 } (bme024-0-market-scalar-pyth:202)
{ event: &quot;price-band-width&quot;, feed-id: 0xef0d8b6fda2ceba41da15d4095d1da392a0d2f8ed0c6c7bc0f4cfac8c280b56d, precent: u500 } (bme024-0-market-scalar-pyth:202)
{ event: &quot;price-band-width&quot;, feed-id: 0xff61491a931112ddf1bd8147cd1b641375f79f5825126d665480874634fd0ace, precent: u1000 } (bme024-0-market-scalar-pyth:202)
{ amount: u300000000000, current-key: u1, duration: u105120, event: &quot;set-core-team-vesting&quot;, start-block: u5 } (bme000-0-governance-token:95)
{ amount: u300000000000, current-key: u1, duration: u105120, event: &quot;set-core-team-vesting&quot;, start-block: u5 } (bme000-0-governance-token:95)
{ amount: u300000000000, current-key: u1, duration: u105120, event: &quot;set-core-team-vesting&quot;, start-block: u5 } (bme000-0-governance-token:95)
{ amount: u300000000000, current-key: u1, duration: u105120, event: &quot;set-core-team-vesting&quot;, start-block: u5 } (bme000-0-governance-token:95)
{ amount: u300000000000, current-key: u1, duration: u105120, event: &quot;set-core-team-vesting&quot;, start-block: u5 } (bme000-0-governance-token:95)
{ event: &quot;set-tier-weight&quot;, token-id: u1, weight: u1 } (bme030-0-reputation-token:113)
{ event: &quot;set-tier-weight&quot;, token-id: u2, weight: u1 } (bme030-0-reputation-token:113)
{ event: &quot;set-tier-weight&quot;, token-id: u3, weight: u1 } (bme030-0-reputation-token:113)
{ event: &quot;set-tier-weight&quot;, token-id: u4, weight: u2 } (bme030-0-reputation-token:113)
{ event: &quot;set-tier-weight&quot;, token-id: u5, weight: u2 } (bme030-0-reputation-token:113)
{ event: &quot;set-tier-weight&quot;, token-id: u6, weight: u2 } (bme030-0-reputation-token:113)
{ event: &quot;set-tier-weight&quot;, token-id: u7, weight: u3 } (bme030-0-reputation-token:113)
{ event: &quot;set-tier-weight&quot;, token-id: u8, weight: u3 } (bme030-0-reputation-token:113)
{ event: &quot;set-tier-weight&quot;, token-id: u9, weight: u3 } (bme030-0-reputation-token:113)
{ event: &quot;set-tier-weight&quot;, token-id: u10, weight: u5 } (bme030-0-reputation-token:113)
{ event: &quot;set-tier-weight&quot;, token-id: u11, weight: u5 } (bme030-0-reputation-token:113)
{ event: &quot;set-tier-weight&quot;, token-id: u12, weight: u5 } (bme030-0-reputation-token:113)
{ event: &quot;set-tier-weight&quot;, token-id: u13, weight: u8 } (bme030-0-reputation-token:113)
{ event: &quot;set-tier-weight&quot;, token-id: u14, weight: u8 } (bme030-0-reputation-token:113)
{ event: &quot;set-tier-weight&quot;, token-id: u15, weight: u8 } (bme030-0-reputation-token:113)
{ event: &quot;set-tier-weight&quot;, token-id: u16, weight: u13 } (bme030-0-reputation-token:113)
{ event: &quot;set-tier-weight&quot;, token-id: u17, weight: u13 } (bme030-0-reputation-token:113)
{ event: &quot;set-tier-weight&quot;, token-id: u18, weight: u13 } (bme030-0-reputation-token:113)
{ event: &quot;set-tier-weight&quot;, token-id: u19, weight: u21 } (bme030-0-reputation-token:113)
{ event: &quot;set-tier-weight&quot;, token-id: u20, weight: u21 } (bme030-0-reputation-token:113)
&quot;BigMarket DAO has risen.&quot; (bdp000-bootstrap:199)
{ contract-key: 0x54abdeef6da725ddae0b3ed6775656128b152c636a5a44508153639838c60c1b, contract-name: 0x0d0000001a626d653032342d302d6d61726b65742d70726564696374696e67, event: &quot;can-access-by-account&quot;, leaf: 0x26067618f71da1da6fa33c9b7f8d989b87f71ade892e1c55ce3b46ac79a7e64e, proof-valid: true, root: { merkle-root: 0x26067618f71da1da6fa33c9b7f8d989b87f71ade892e1c55ce3b46ac79a7e64e }, sender: &apos;ST1PQHQKV0RJXZFY1DGX8MNSNYVE3VGZJSRTPGZGM, txsender: &apos;ST1PQHQKV0RJXZFY1DGX8MNSNYVE3VGZJSRTPGZGM.bme024-0-market-predicting } (bme022-0-market-gating:192)
{ amount: u16, event: &quot;sft_mint&quot;, recipient: &apos;ST1PQHQKV0RJXZFY1DGX8MNSNYVE3VGZJSRTPGZGM, token-id: u2 } (bme030-0-reputation-token:152)
{ categories: (list &quot;nay&quot; &quot;yay&quot;), creator: &apos;ST1PQHQKV0RJXZFY1DGX8MNSNYVE3VGZJSRTPGZGM, event: &quot;create-market&quot;, market-data-hash: 0xfe57bb961c647d98656cc35801e52d3eed46f3cdcc8e840df7af8bd3a04312d5, market-fee-bips: u0, market-id: u0, seed-amount: u100000000, token: (ST1PQHQKV0RJXZFY1DGX8MNSNYVE3VGZJSRTPGZGM.wrapped-stx as &lt;SP2AKWJYC7BNY18W1XXKPGP0YVEK63QJG4793Z2D4.sip-010-trait-ft-standard.sip-010-trait&gt;) } (bme024-0-market-predicting:328)

            </system-out>
        </testcase>
        <testcase classname="tests/gating/account-gating.test.ts" name="gating market  creation &gt; err-unauthorised" time="0.098">
            <system-out>
{ event: &quot;execute&quot;, proposal: (ST1PQHQKV0RJXZFY1DGX8MNSNYVE3VGZJSRTPGZGM.bdp000-bootstrap as &lt;SP3JP0N1ZXGASRJ0F7QAHWFPGTVK9T2XNXDB908Z.proposal-trait.proposal-trait&gt;) } (bigmarket-dao:63)
{ enabled: true, event: &quot;extension&quot;, extension: &apos;ST1PQHQKV0RJXZFY1DGX8MNSNYVE3VGZJSRTPGZGM.bme000-0-governance-token } (bigmarket-dao:41)
{ enabled: true, event: &quot;extension&quot;, extension: &apos;ST1PQHQKV0RJXZFY1DGX8MNSNYVE3VGZJSRTPGZGM.bme001-0-proposal-voting } (bigmarket-dao:41)
{ enabled: true, event: &quot;extension&quot;, extension: &apos;ST1PQHQKV0RJXZFY1DGX8MNSNYVE3VGZJSRTPGZGM.bme003-0-core-proposals } (bigmarket-dao:41)
{ enabled: true, event: &quot;extension&quot;, extension: &apos;ST1PQHQKV0RJXZFY1DGX8MNSNYVE3VGZJSRTPGZGM.bme004-0-core-execute } (bigmarket-dao:41)
{ enabled: true, event: &quot;extension&quot;, extension: &apos;ST1PQHQKV0RJXZFY1DGX8MNSNYVE3VGZJSRTPGZGM.bme006-0-treasury } (bigmarket-dao:41)
{ enabled: true, event: &quot;extension&quot;, extension: &apos;ST1PQHQKV0RJXZFY1DGX8MNSNYVE3VGZJSRTPGZGM.bme010-0-token-sale } (bigmarket-dao:41)
{ enabled: true, event: &quot;extension&quot;, extension: &apos;ST1PQHQKV0RJXZFY1DGX8MNSNYVE3VGZJSRTPGZGM.bme010-0-liquidity-contribution } (bigmarket-dao:41)
{ enabled: true, event: &quot;extension&quot;, extension: &apos;ST1PQHQKV0RJXZFY1DGX8MNSNYVE3VGZJSRTPGZGM.bme021-0-market-voting } (bigmarket-dao:41)
{ enabled: true, event: &quot;extension&quot;, extension: &apos;ST1PQHQKV0RJXZFY1DGX8MNSNYVE3VGZJSRTPGZGM.bme022-0-market-gating } (bigmarket-dao:41)
{ enabled: true, event: &quot;extension&quot;, extension: &apos;ST1PQHQKV0RJXZFY1DGX8MNSNYVE3VGZJSRTPGZGM.bme023-0-market-bitcoin } (bigmarket-dao:41)
{ enabled: true, event: &quot;extension&quot;, extension: &apos;ST1PQHQKV0RJXZFY1DGX8MNSNYVE3VGZJSRTPGZGM.bme024-0-market-predicting } (bigmarket-dao:41)
{ enabled: true, event: &quot;extension&quot;, extension: &apos;ST1PQHQKV0RJXZFY1DGX8MNSNYVE3VGZJSRTPGZGM.bme024-0-market-scalar-pyth } (bigmarket-dao:41)
{ enabled: true, event: &quot;extension&quot;, extension: &apos;ST1PQHQKV0RJXZFY1DGX8MNSNYVE3VGZJSRTPGZGM.bme030-0-reputation-token } (bigmarket-dao:41)
{ enabled: true, event: &quot;extension&quot;, extension: &apos;ST1PQHQKV0RJXZFY1DGX8MNSNYVE3VGZJSRTPGZGM.bme040-0-shares-marketplace } (bigmarket-dao:41)
{ event: &quot;set-core-team-member&quot;, member: true, who: &apos;ST1PQHQKV0RJXZFY1DGX8MNSNYVE3VGZJSRTPGZGM } (bme003-0-core-proposals:48)
{ event: &quot;set-core-team-member&quot;, member: true, who: &apos;ST1SJ3DTE5DN7X54YDH5D64R3BCB6A2AG2ZQ8YPD5 } (bme003-0-core-proposals:48)
{ contract-id: &apos;ST1PQHQKV0RJXZFY1DGX8MNSNYVE3VGZJSRTPGZGM.bme024-0-market-scalar-pyth, contract-key: 0xf131a25d1309392f4a51317bbd59d274865a348e4ef6d1eb40f92f56edbe55ef, contract-name: 0x0d0000001b626d653032342d302d6d61726b65742d7363616c61722d70797468, event: &quot;set-merkle-root-by-principal&quot;, merkle-root: (some { merkle-root: 0x26067618f71da1da6fa33c9b7f8d989b87f71ade892e1c55ce3b46ac79a7e64e }) } (bme022-0-market-gating:68)
{ contract-id: &apos;ST1PQHQKV0RJXZFY1DGX8MNSNYVE3VGZJSRTPGZGM.bme024-0-market-predicting, contract-key: 0x54abdeef6da725ddae0b3ed6775656128b152c636a5a44508153639838c60c1b, contract-name: 0x0d0000001a626d653032342d302d6d61726b65742d70726564696374696e67, event: &quot;set-merkle-root-by-principal&quot;, merkle-root: (some { merkle-root: 0x26067618f71da1da6fa33c9b7f8d989b87f71ade892e1c55ce3b46ac79a7e64e }) } (bme022-0-market-gating:68)
{ contract-id: &apos;ST1PQHQKV0RJXZFY1DGX8MNSNYVE3VGZJSRTPGZGM.bme024-0-market-scalar-pyth, contract-key: 0xf131a25d1309392f4a51317bbd59d274865a348e4ef6d1eb40f92f56edbe55ef, contract-name: 0x0d0000001b626d653032342d302d6d61726b65742d7363616c61722d70797468, event: &quot;set-merkle-root-by-principal&quot;, merkle-root: (some { merkle-root: 0x26067618f71da1da6fa33c9b7f8d989b87f71ade892e1c55ce3b46ac79a7e64e }) } (bme022-0-market-gating:68)
{ enabled: true, event: &quot;allowed-token&quot;, token: &apos;ST1PQHQKV0RJXZFY1DGX8MNSNYVE3VGZJSRTPGZGM.wrapped-stx } (bme024-0-market-predicting:145)
{ enabled: true, event: &quot;allowed-token&quot;, token: &apos;ST1PQHQKV0RJXZFY1DGX8MNSNYVE3VGZJSRTPGZGM.sbtc } (bme024-0-market-predicting:145)
{ enabled: true, event: &quot;allowed-token&quot;, token: &apos;ST1PQHQKV0RJXZFY1DGX8MNSNYVE3VGZJSRTPGZGM.tusdh } (bme024-0-market-predicting:145)
{ enabled: true, event: &quot;allowed-token&quot;, token: &apos;ST1PQHQKV0RJXZFY1DGX8MNSNYVE3VGZJSRTPGZGM.tpepe } (bme024-0-market-predicting:145)
{ default-hedge-executor: &apos;ST1PQHQKV0RJXZFY1DGX8MNSNYVE3VGZJSRTPGZGM.bme032-0-scalar-strategy-hedge, event: &quot;default-hedge-executor&quot; } (bme024-0-market-predicting:165)
{ enabled: true, event: &quot;allowed-token&quot;, token: &apos;ST1PQHQKV0RJXZFY1DGX8MNSNYVE3VGZJSRTPGZGM.wrapped-stx } (bme024-0-market-scalar-pyth:164)
{ enabled: true, event: &quot;allowed-token&quot;, token: &apos;ST1PQHQKV0RJXZFY1DGX8MNSNYVE3VGZJSRTPGZGM.sbtc } (bme024-0-market-scalar-pyth:164)
{ enabled: true, event: &quot;allowed-token&quot;, token: &apos;ST1PQHQKV0RJXZFY1DGX8MNSNYVE3VGZJSRTPGZGM.tusdh } (bme024-0-market-scalar-pyth:164)
{ enabled: true, event: &quot;allowed-token&quot;, token: &apos;ST1PQHQKV0RJXZFY1DGX8MNSNYVE3VGZJSRTPGZGM.tpepe } (bme024-0-market-scalar-pyth:164)
{ default-hedge-executor: &apos;ST1PQHQKV0RJXZFY1DGX8MNSNYVE3VGZJSRTPGZGM.bme032-0-scalar-strategy-hedge, event: &quot;default-hedge-executor&quot; } (bme024-0-market-scalar-pyth:184)
{ event: &quot;price-band-width&quot;, feed-id: 0xec7a775f46379b5e943c3526b1c8d54cd49749176b0b98e02dde68d1bd335c17, precent: u2000 } (bme024-0-market-scalar-pyth:202)
{ event: &quot;price-band-width&quot;, feed-id: 0xe62df6c8b4a85fe1a67db44dc12de5db330f7ac66b72dc658afedf0f4a415b43, precent: u100 } (bme024-0-market-scalar-pyth:202)
{ event: &quot;price-band-width&quot;, feed-id: 0xef0d8b6fda2ceba41da15d4095d1da392a0d2f8ed0c6c7bc0f4cfac8c280b56d, precent: u500 } (bme024-0-market-scalar-pyth:202)
{ event: &quot;price-band-width&quot;, feed-id: 0xff61491a931112ddf1bd8147cd1b641375f79f5825126d665480874634fd0ace, precent: u1000 } (bme024-0-market-scalar-pyth:202)
{ amount: u300000000000, current-key: u1, duration: u105120, event: &quot;set-core-team-vesting&quot;, start-block: u5 } (bme000-0-governance-token:95)
{ amount: u300000000000, current-key: u1, duration: u105120, event: &quot;set-core-team-vesting&quot;, start-block: u5 } (bme000-0-governance-token:95)
{ amount: u300000000000, current-key: u1, duration: u105120, event: &quot;set-core-team-vesting&quot;, start-block: u5 } (bme000-0-governance-token:95)
{ amount: u300000000000, current-key: u1, duration: u105120, event: &quot;set-core-team-vesting&quot;, start-block: u5 } (bme000-0-governance-token:95)
{ amount: u300000000000, current-key: u1, duration: u105120, event: &quot;set-core-team-vesting&quot;, start-block: u5 } (bme000-0-governance-token:95)
{ event: &quot;set-tier-weight&quot;, token-id: u1, weight: u1 } (bme030-0-reputation-token:113)
{ event: &quot;set-tier-weight&quot;, token-id: u2, weight: u1 } (bme030-0-reputation-token:113)
{ event: &quot;set-tier-weight&quot;, token-id: u3, weight: u1 } (bme030-0-reputation-token:113)
{ event: &quot;set-tier-weight&quot;, token-id: u4, weight: u2 } (bme030-0-reputation-token:113)
{ event: &quot;set-tier-weight&quot;, token-id: u5, weight: u2 } (bme030-0-reputation-token:113)
{ event: &quot;set-tier-weight&quot;, token-id: u6, weight: u2 } (bme030-0-reputation-token:113)
{ event: &quot;set-tier-weight&quot;, token-id: u7, weight: u3 } (bme030-0-reputation-token:113)
{ event: &quot;set-tier-weight&quot;, token-id: u8, weight: u3 } (bme030-0-reputation-token:113)
{ event: &quot;set-tier-weight&quot;, token-id: u9, weight: u3 } (bme030-0-reputation-token:113)
{ event: &quot;set-tier-weight&quot;, token-id: u10, weight: u5 } (bme030-0-reputation-token:113)
{ event: &quot;set-tier-weight&quot;, token-id: u11, weight: u5 } (bme030-0-reputation-token:113)
{ event: &quot;set-tier-weight&quot;, token-id: u12, weight: u5 } (bme030-0-reputation-token:113)
{ event: &quot;set-tier-weight&quot;, token-id: u13, weight: u8 } (bme030-0-reputation-token:113)
{ event: &quot;set-tier-weight&quot;, token-id: u14, weight: u8 } (bme030-0-reputation-token:113)
{ event: &quot;set-tier-weight&quot;, token-id: u15, weight: u8 } (bme030-0-reputation-token:113)
{ event: &quot;set-tier-weight&quot;, token-id: u16, weight: u13 } (bme030-0-reputation-token:113)
{ event: &quot;set-tier-weight&quot;, token-id: u17, weight: u13 } (bme030-0-reputation-token:113)
{ event: &quot;set-tier-weight&quot;, token-id: u18, weight: u13 } (bme030-0-reputation-token:113)
{ event: &quot;set-tier-weight&quot;, token-id: u19, weight: u21 } (bme030-0-reputation-token:113)
{ event: &quot;set-tier-weight&quot;, token-id: u20, weight: u21 } (bme030-0-reputation-token:113)
&quot;BigMarket DAO has risen.&quot; (bdp000-bootstrap:199)

            </system-out>
        </testcase>
        <testcase classname="tests/gating/account-gating.test.ts" name="gating market  creation &gt; ensure bme022 is valid extension" time="0.097">
            <system-out>
{ event: &quot;execute&quot;, proposal: (ST1PQHQKV0RJXZFY1DGX8MNSNYVE3VGZJSRTPGZGM.bdp000-bootstrap as &lt;SP3JP0N1ZXGASRJ0F7QAHWFPGTVK9T2XNXDB908Z.proposal-trait.proposal-trait&gt;) } (bigmarket-dao:63)
{ enabled: true, event: &quot;extension&quot;, extension: &apos;ST1PQHQKV0RJXZFY1DGX8MNSNYVE3VGZJSRTPGZGM.bme000-0-governance-token } (bigmarket-dao:41)
{ enabled: true, event: &quot;extension&quot;, extension: &apos;ST1PQHQKV0RJXZFY1DGX8MNSNYVE3VGZJSRTPGZGM.bme001-0-proposal-voting } (bigmarket-dao:41)
{ enabled: true, event: &quot;extension&quot;, extension: &apos;ST1PQHQKV0RJXZFY1DGX8MNSNYVE3VGZJSRTPGZGM.bme003-0-core-proposals } (bigmarket-dao:41)
{ enabled: true, event: &quot;extension&quot;, extension: &apos;ST1PQHQKV0RJXZFY1DGX8MNSNYVE3VGZJSRTPGZGM.bme004-0-core-execute } (bigmarket-dao:41)
{ enabled: true, event: &quot;extension&quot;, extension: &apos;ST1PQHQKV0RJXZFY1DGX8MNSNYVE3VGZJSRTPGZGM.bme006-0-treasury } (bigmarket-dao:41)
{ enabled: true, event: &quot;extension&quot;, extension: &apos;ST1PQHQKV0RJXZFY1DGX8MNSNYVE3VGZJSRTPGZGM.bme010-0-token-sale } (bigmarket-dao:41)
{ enabled: true, event: &quot;extension&quot;, extension: &apos;ST1PQHQKV0RJXZFY1DGX8MNSNYVE3VGZJSRTPGZGM.bme010-0-liquidity-contribution } (bigmarket-dao:41)
{ enabled: true, event: &quot;extension&quot;, extension: &apos;ST1PQHQKV0RJXZFY1DGX8MNSNYVE3VGZJSRTPGZGM.bme021-0-market-voting } (bigmarket-dao:41)
{ enabled: true, event: &quot;extension&quot;, extension: &apos;ST1PQHQKV0RJXZFY1DGX8MNSNYVE3VGZJSRTPGZGM.bme022-0-market-gating } (bigmarket-dao:41)
{ enabled: true, event: &quot;extension&quot;, extension: &apos;ST1PQHQKV0RJXZFY1DGX8MNSNYVE3VGZJSRTPGZGM.bme023-0-market-bitcoin } (bigmarket-dao:41)
{ enabled: true, event: &quot;extension&quot;, extension: &apos;ST1PQHQKV0RJXZFY1DGX8MNSNYVE3VGZJSRTPGZGM.bme024-0-market-predicting } (bigmarket-dao:41)
{ enabled: true, event: &quot;extension&quot;, extension: &apos;ST1PQHQKV0RJXZFY1DGX8MNSNYVE3VGZJSRTPGZGM.bme024-0-market-scalar-pyth } (bigmarket-dao:41)
{ enabled: true, event: &quot;extension&quot;, extension: &apos;ST1PQHQKV0RJXZFY1DGX8MNSNYVE3VGZJSRTPGZGM.bme030-0-reputation-token } (bigmarket-dao:41)
{ enabled: true, event: &quot;extension&quot;, extension: &apos;ST1PQHQKV0RJXZFY1DGX8MNSNYVE3VGZJSRTPGZGM.bme040-0-shares-marketplace } (bigmarket-dao:41)
{ event: &quot;set-core-team-member&quot;, member: true, who: &apos;ST1PQHQKV0RJXZFY1DGX8MNSNYVE3VGZJSRTPGZGM } (bme003-0-core-proposals:48)
{ event: &quot;set-core-team-member&quot;, member: true, who: &apos;ST1SJ3DTE5DN7X54YDH5D64R3BCB6A2AG2ZQ8YPD5 } (bme003-0-core-proposals:48)
{ contract-id: &apos;ST1PQHQKV0RJXZFY1DGX8MNSNYVE3VGZJSRTPGZGM.bme024-0-market-scalar-pyth, contract-key: 0xf131a25d1309392f4a51317bbd59d274865a348e4ef6d1eb40f92f56edbe55ef, contract-name: 0x0d0000001b626d653032342d302d6d61726b65742d7363616c61722d70797468, event: &quot;set-merkle-root-by-principal&quot;, merkle-root: (some { merkle-root: 0x26067618f71da1da6fa33c9b7f8d989b87f71ade892e1c55ce3b46ac79a7e64e }) } (bme022-0-market-gating:68)
{ contract-id: &apos;ST1PQHQKV0RJXZFY1DGX8MNSNYVE3VGZJSRTPGZGM.bme024-0-market-predicting, contract-key: 0x54abdeef6da725ddae0b3ed6775656128b152c636a5a44508153639838c60c1b, contract-name: 0x0d0000001a626d653032342d302d6d61726b65742d70726564696374696e67, event: &quot;set-merkle-root-by-principal&quot;, merkle-root: (some { merkle-root: 0x26067618f71da1da6fa33c9b7f8d989b87f71ade892e1c55ce3b46ac79a7e64e }) } (bme022-0-market-gating:68)
{ contract-id: &apos;ST1PQHQKV0RJXZFY1DGX8MNSNYVE3VGZJSRTPGZGM.bme024-0-market-scalar-pyth, contract-key: 0xf131a25d1309392f4a51317bbd59d274865a348e4ef6d1eb40f92f56edbe55ef, contract-name: 0x0d0000001b626d653032342d302d6d61726b65742d7363616c61722d70797468, event: &quot;set-merkle-root-by-principal&quot;, merkle-root: (some { merkle-root: 0x26067618f71da1da6fa33c9b7f8d989b87f71ade892e1c55ce3b46ac79a7e64e }) } (bme022-0-market-gating:68)
{ enabled: true, event: &quot;allowed-token&quot;, token: &apos;ST1PQHQKV0RJXZFY1DGX8MNSNYVE3VGZJSRTPGZGM.wrapped-stx } (bme024-0-market-predicting:145)
{ enabled: true, event: &quot;allowed-token&quot;, token: &apos;ST1PQHQKV0RJXZFY1DGX8MNSNYVE3VGZJSRTPGZGM.sbtc } (bme024-0-market-predicting:145)
{ enabled: true, event: &quot;allowed-token&quot;, token: &apos;ST1PQHQKV0RJXZFY1DGX8MNSNYVE3VGZJSRTPGZGM.tusdh } (bme024-0-market-predicting:145)
{ enabled: true, event: &quot;allowed-token&quot;, token: &apos;ST1PQHQKV0RJXZFY1DGX8MNSNYVE3VGZJSRTPGZGM.tpepe } (bme024-0-market-predicting:145)
{ default-hedge-executor: &apos;ST1PQHQKV0RJXZFY1DGX8MNSNYVE3VGZJSRTPGZGM.bme032-0-scalar-strategy-hedge, event: &quot;default-hedge-executor&quot; } (bme024-0-market-predicting:165)
{ enabled: true, event: &quot;allowed-token&quot;, token: &apos;ST1PQHQKV0RJXZFY1DGX8MNSNYVE3VGZJSRTPGZGM.wrapped-stx } (bme024-0-market-scalar-pyth:164)
{ enabled: true, event: &quot;allowed-token&quot;, token: &apos;ST1PQHQKV0RJXZFY1DGX8MNSNYVE3VGZJSRTPGZGM.sbtc } (bme024-0-market-scalar-pyth:164)
{ enabled: true, event: &quot;allowed-token&quot;, token: &apos;ST1PQHQKV0RJXZFY1DGX8MNSNYVE3VGZJSRTPGZGM.tusdh } (bme024-0-market-scalar-pyth:164)
{ enabled: true, event: &quot;allowed-token&quot;, token: &apos;ST1PQHQKV0RJXZFY1DGX8MNSNYVE3VGZJSRTPGZGM.tpepe } (bme024-0-market-scalar-pyth:164)
{ default-hedge-executor: &apos;ST1PQHQKV0RJXZFY1DGX8MNSNYVE3VGZJSRTPGZGM.bme032-0-scalar-strategy-hedge, event: &quot;default-hedge-executor&quot; } (bme024-0-market-scalar-pyth:184)
{ event: &quot;price-band-width&quot;, feed-id: 0xec7a775f46379b5e943c3526b1c8d54cd49749176b0b98e02dde68d1bd335c17, precent: u2000 } (bme024-0-market-scalar-pyth:202)
{ event: &quot;price-band-width&quot;, feed-id: 0xe62df6c8b4a85fe1a67db44dc12de5db330f7ac66b72dc658afedf0f4a415b43, precent: u100 } (bme024-0-market-scalar-pyth:202)
{ event: &quot;price-band-width&quot;, feed-id: 0xef0d8b6fda2ceba41da15d4095d1da392a0d2f8ed0c6c7bc0f4cfac8c280b56d, precent: u500 } (bme024-0-market-scalar-pyth:202)
{ event: &quot;price-band-width&quot;, feed-id: 0xff61491a931112ddf1bd8147cd1b641375f79f5825126d665480874634fd0ace, precent: u1000 } (bme024-0-market-scalar-pyth:202)
{ amount: u300000000000, current-key: u1, duration: u105120, event: &quot;set-core-team-vesting&quot;, start-block: u5 } (bme000-0-governance-token:95)
{ amount: u300000000000, current-key: u1, duration: u105120, event: &quot;set-core-team-vesting&quot;, start-block: u5 } (bme000-0-governance-token:95)
{ amount: u300000000000, current-key: u1, duration: u105120, event: &quot;set-core-team-vesting&quot;, start-block: u5 } (bme000-0-governance-token:95)
{ amount: u300000000000, current-key: u1, duration: u105120, event: &quot;set-core-team-vesting&quot;, start-block: u5 } (bme000-0-governance-token:95)
{ amount: u300000000000, current-key: u1, duration: u105120, event: &quot;set-core-team-vesting&quot;, start-block: u5 } (bme000-0-governance-token:95)
{ event: &quot;set-tier-weight&quot;, token-id: u1, weight: u1 } (bme030-0-reputation-token:113)
{ event: &quot;set-tier-weight&quot;, token-id: u2, weight: u1 } (bme030-0-reputation-token:113)
{ event: &quot;set-tier-weight&quot;, token-id: u3, weight: u1 } (bme030-0-reputation-token:113)
{ event: &quot;set-tier-weight&quot;, token-id: u4, weight: u2 } (bme030-0-reputation-token:113)
{ event: &quot;set-tier-weight&quot;, token-id: u5, weight: u2 } (bme030-0-reputation-token:113)
{ event: &quot;set-tier-weight&quot;, token-id: u6, weight: u2 } (bme030-0-reputation-token:113)
{ event: &quot;set-tier-weight&quot;, token-id: u7, weight: u3 } (bme030-0-reputation-token:113)
{ event: &quot;set-tier-weight&quot;, token-id: u8, weight: u3 } (bme030-0-reputation-token:113)
{ event: &quot;set-tier-weight&quot;, token-id: u9, weight: u3 } (bme030-0-reputation-token:113)
{ event: &quot;set-tier-weight&quot;, token-id: u10, weight: u5 } (bme030-0-reputation-token:113)
{ event: &quot;set-tier-weight&quot;, token-id: u11, weight: u5 } (bme030-0-reputation-token:113)
{ event: &quot;set-tier-weight&quot;, token-id: u12, weight: u5 } (bme030-0-reputation-token:113)
{ event: &quot;set-tier-weight&quot;, token-id: u13, weight: u8 } (bme030-0-reputation-token:113)
{ event: &quot;set-tier-weight&quot;, token-id: u14, weight: u8 } (bme030-0-reputation-token:113)
{ event: &quot;set-tier-weight&quot;, token-id: u15, weight: u8 } (bme030-0-reputation-token:113)
{ event: &quot;set-tier-weight&quot;, token-id: u16, weight: u13 } (bme030-0-reputation-token:113)
{ event: &quot;set-tier-weight&quot;, token-id: u17, weight: u13 } (bme030-0-reputation-token:113)
{ event: &quot;set-tier-weight&quot;, token-id: u18, weight: u13 } (bme030-0-reputation-token:113)
{ event: &quot;set-tier-weight&quot;, token-id: u19, weight: u21 } (bme030-0-reputation-token:113)
{ event: &quot;set-tier-weight&quot;, token-id: u20, weight: u21 } (bme030-0-reputation-token:113)
&quot;BigMarket DAO has risen.&quot; (bdp000-bootstrap:199)

            </system-out>
        </testcase>
        <testcase classname="tests/gating/account-gating.test.ts" name="gating market  creation &gt; can call set-merkle-root via proposal" time="0.103">
            <system-out>
{ event: &quot;execute&quot;, proposal: (ST1PQHQKV0RJXZFY1DGX8MNSNYVE3VGZJSRTPGZGM.bdp000-bootstrap as &lt;SP3JP0N1ZXGASRJ0F7QAHWFPGTVK9T2XNXDB908Z.proposal-trait.proposal-trait&gt;) } (bigmarket-dao:63)
{ enabled: true, event: &quot;extension&quot;, extension: &apos;ST1PQHQKV0RJXZFY1DGX8MNSNYVE3VGZJSRTPGZGM.bme000-0-governance-token } (bigmarket-dao:41)
{ enabled: true, event: &quot;extension&quot;, extension: &apos;ST1PQHQKV0RJXZFY1DGX8MNSNYVE3VGZJSRTPGZGM.bme001-0-proposal-voting } (bigmarket-dao:41)
{ enabled: true, event: &quot;extension&quot;, extension: &apos;ST1PQHQKV0RJXZFY1DGX8MNSNYVE3VGZJSRTPGZGM.bme003-0-core-proposals } (bigmarket-dao:41)
{ enabled: true, event: &quot;extension&quot;, extension: &apos;ST1PQHQKV0RJXZFY1DGX8MNSNYVE3VGZJSRTPGZGM.bme004-0-core-execute } (bigmarket-dao:41)
{ enabled: true, event: &quot;extension&quot;, extension: &apos;ST1PQHQKV0RJXZFY1DGX8MNSNYVE3VGZJSRTPGZGM.bme006-0-treasury } (bigmarket-dao:41)
{ enabled: true, event: &quot;extension&quot;, extension: &apos;ST1PQHQKV0RJXZFY1DGX8MNSNYVE3VGZJSRTPGZGM.bme010-0-token-sale } (bigmarket-dao:41)
{ enabled: true, event: &quot;extension&quot;, extension: &apos;ST1PQHQKV0RJXZFY1DGX8MNSNYVE3VGZJSRTPGZGM.bme010-0-liquidity-contribution } (bigmarket-dao:41)
{ enabled: true, event: &quot;extension&quot;, extension: &apos;ST1PQHQKV0RJXZFY1DGX8MNSNYVE3VGZJSRTPGZGM.bme021-0-market-voting } (bigmarket-dao:41)
{ enabled: true, event: &quot;extension&quot;, extension: &apos;ST1PQHQKV0RJXZFY1DGX8MNSNYVE3VGZJSRTPGZGM.bme022-0-market-gating } (bigmarket-dao:41)
{ enabled: true, event: &quot;extension&quot;, extension: &apos;ST1PQHQKV0RJXZFY1DGX8MNSNYVE3VGZJSRTPGZGM.bme023-0-market-bitcoin } (bigmarket-dao:41)
{ enabled: true, event: &quot;extension&quot;, extension: &apos;ST1PQHQKV0RJXZFY1DGX8MNSNYVE3VGZJSRTPGZGM.bme024-0-market-predicting } (bigmarket-dao:41)
{ enabled: true, event: &quot;extension&quot;, extension: &apos;ST1PQHQKV0RJXZFY1DGX8MNSNYVE3VGZJSRTPGZGM.bme024-0-market-scalar-pyth } (bigmarket-dao:41)
{ enabled: true, event: &quot;extension&quot;, extension: &apos;ST1PQHQKV0RJXZFY1DGX8MNSNYVE3VGZJSRTPGZGM.bme030-0-reputation-token } (bigmarket-dao:41)
{ enabled: true, event: &quot;extension&quot;, extension: &apos;ST1PQHQKV0RJXZFY1DGX8MNSNYVE3VGZJSRTPGZGM.bme040-0-shares-marketplace } (bigmarket-dao:41)
{ event: &quot;set-core-team-member&quot;, member: true, who: &apos;ST1PQHQKV0RJXZFY1DGX8MNSNYVE3VGZJSRTPGZGM } (bme003-0-core-proposals:48)
{ event: &quot;set-core-team-member&quot;, member: true, who: &apos;ST1SJ3DTE5DN7X54YDH5D64R3BCB6A2AG2ZQ8YPD5 } (bme003-0-core-proposals:48)
{ contract-id: &apos;ST1PQHQKV0RJXZFY1DGX8MNSNYVE3VGZJSRTPGZGM.bme024-0-market-scalar-pyth, contract-key: 0xf131a25d1309392f4a51317bbd59d274865a348e4ef6d1eb40f92f56edbe55ef, contract-name: 0x0d0000001b626d653032342d302d6d61726b65742d7363616c61722d70797468, event: &quot;set-merkle-root-by-principal&quot;, merkle-root: (some { merkle-root: 0x26067618f71da1da6fa33c9b7f8d989b87f71ade892e1c55ce3b46ac79a7e64e }) } (bme022-0-market-gating:68)
{ contract-id: &apos;ST1PQHQKV0RJXZFY1DGX8MNSNYVE3VGZJSRTPGZGM.bme024-0-market-predicting, contract-key: 0x54abdeef6da725ddae0b3ed6775656128b152c636a5a44508153639838c60c1b, contract-name: 0x0d0000001a626d653032342d302d6d61726b65742d70726564696374696e67, event: &quot;set-merkle-root-by-principal&quot;, merkle-root: (some { merkle-root: 0x26067618f71da1da6fa33c9b7f8d989b87f71ade892e1c55ce3b46ac79a7e64e }) } (bme022-0-market-gating:68)
{ contract-id: &apos;ST1PQHQKV0RJXZFY1DGX8MNSNYVE3VGZJSRTPGZGM.bme024-0-market-scalar-pyth, contract-key: 0xf131a25d1309392f4a51317bbd59d274865a348e4ef6d1eb40f92f56edbe55ef, contract-name: 0x0d0000001b626d653032342d302d6d61726b65742d7363616c61722d70797468, event: &quot;set-merkle-root-by-principal&quot;, merkle-root: (some { merkle-root: 0x26067618f71da1da6fa33c9b7f8d989b87f71ade892e1c55ce3b46ac79a7e64e }) } (bme022-0-market-gating:68)
{ enabled: true, event: &quot;allowed-token&quot;, token: &apos;ST1PQHQKV0RJXZFY1DGX8MNSNYVE3VGZJSRTPGZGM.wrapped-stx } (bme024-0-market-predicting:145)
{ enabled: true, event: &quot;allowed-token&quot;, token: &apos;ST1PQHQKV0RJXZFY1DGX8MNSNYVE3VGZJSRTPGZGM.sbtc } (bme024-0-market-predicting:145)
{ enabled: true, event: &quot;allowed-token&quot;, token: &apos;ST1PQHQKV0RJXZFY1DGX8MNSNYVE3VGZJSRTPGZGM.tusdh } (bme024-0-market-predicting:145)
{ enabled: true, event: &quot;allowed-token&quot;, token: &apos;ST1PQHQKV0RJXZFY1DGX8MNSNYVE3VGZJSRTPGZGM.tpepe } (bme024-0-market-predicting:145)
{ default-hedge-executor: &apos;ST1PQHQKV0RJXZFY1DGX8MNSNYVE3VGZJSRTPGZGM.bme032-0-scalar-strategy-hedge, event: &quot;default-hedge-executor&quot; } (bme024-0-market-predicting:165)
{ enabled: true, event: &quot;allowed-token&quot;, token: &apos;ST1PQHQKV0RJXZFY1DGX8MNSNYVE3VGZJSRTPGZGM.wrapped-stx } (bme024-0-market-scalar-pyth:164)
{ enabled: true, event: &quot;allowed-token&quot;, token: &apos;ST1PQHQKV0RJXZFY1DGX8MNSNYVE3VGZJSRTPGZGM.sbtc } (bme024-0-market-scalar-pyth:164)
{ enabled: true, event: &quot;allowed-token&quot;, token: &apos;ST1PQHQKV0RJXZFY1DGX8MNSNYVE3VGZJSRTPGZGM.tusdh } (bme024-0-market-scalar-pyth:164)
{ enabled: true, event: &quot;allowed-token&quot;, token: &apos;ST1PQHQKV0RJXZFY1DGX8MNSNYVE3VGZJSRTPGZGM.tpepe } (bme024-0-market-scalar-pyth:164)
{ default-hedge-executor: &apos;ST1PQHQKV0RJXZFY1DGX8MNSNYVE3VGZJSRTPGZGM.bme032-0-scalar-strategy-hedge, event: &quot;default-hedge-executor&quot; } (bme024-0-market-scalar-pyth:184)
{ event: &quot;price-band-width&quot;, feed-id: 0xec7a775f46379b5e943c3526b1c8d54cd49749176b0b98e02dde68d1bd335c17, precent: u2000 } (bme024-0-market-scalar-pyth:202)
{ event: &quot;price-band-width&quot;, feed-id: 0xe62df6c8b4a85fe1a67db44dc12de5db330f7ac66b72dc658afedf0f4a415b43, precent: u100 } (bme024-0-market-scalar-pyth:202)
{ event: &quot;price-band-width&quot;, feed-id: 0xef0d8b6fda2ceba41da15d4095d1da392a0d2f8ed0c6c7bc0f4cfac8c280b56d, precent: u500 } (bme024-0-market-scalar-pyth:202)
{ event: &quot;price-band-width&quot;, feed-id: 0xff61491a931112ddf1bd8147cd1b641375f79f5825126d665480874634fd0ace, precent: u1000 } (bme024-0-market-scalar-pyth:202)
{ amount: u300000000000, current-key: u1, duration: u105120, event: &quot;set-core-team-vesting&quot;, start-block: u5 } (bme000-0-governance-token:95)
{ amount: u300000000000, current-key: u1, duration: u105120, event: &quot;set-core-team-vesting&quot;, start-block: u5 } (bme000-0-governance-token:95)
{ amount: u300000000000, current-key: u1, duration: u105120, event: &quot;set-core-team-vesting&quot;, start-block: u5 } (bme000-0-governance-token:95)
{ amount: u300000000000, current-key: u1, duration: u105120, event: &quot;set-core-team-vesting&quot;, start-block: u5 } (bme000-0-governance-token:95)
{ amount: u300000000000, current-key: u1, duration: u105120, event: &quot;set-core-team-vesting&quot;, start-block: u5 } (bme000-0-governance-token:95)
{ event: &quot;set-tier-weight&quot;, token-id: u1, weight: u1 } (bme030-0-reputation-token:113)
{ event: &quot;set-tier-weight&quot;, token-id: u2, weight: u1 } (bme030-0-reputation-token:113)
{ event: &quot;set-tier-weight&quot;, token-id: u3, weight: u1 } (bme030-0-reputation-token:113)
{ event: &quot;set-tier-weight&quot;, token-id: u4, weight: u2 } (bme030-0-reputation-token:113)
{ event: &quot;set-tier-weight&quot;, token-id: u5, weight: u2 } (bme030-0-reputation-token:113)
{ event: &quot;set-tier-weight&quot;, token-id: u6, weight: u2 } (bme030-0-reputation-token:113)
{ event: &quot;set-tier-weight&quot;, token-id: u7, weight: u3 } (bme030-0-reputation-token:113)
{ event: &quot;set-tier-weight&quot;, token-id: u8, weight: u3 } (bme030-0-reputation-token:113)
{ event: &quot;set-tier-weight&quot;, token-id: u9, weight: u3 } (bme030-0-reputation-token:113)
{ event: &quot;set-tier-weight&quot;, token-id: u10, weight: u5 } (bme030-0-reputation-token:113)
{ event: &quot;set-tier-weight&quot;, token-id: u11, weight: u5 } (bme030-0-reputation-token:113)
{ event: &quot;set-tier-weight&quot;, token-id: u12, weight: u5 } (bme030-0-reputation-token:113)
{ event: &quot;set-tier-weight&quot;, token-id: u13, weight: u8 } (bme030-0-reputation-token:113)
{ event: &quot;set-tier-weight&quot;, token-id: u14, weight: u8 } (bme030-0-reputation-token:113)
{ event: &quot;set-tier-weight&quot;, token-id: u15, weight: u8 } (bme030-0-reputation-token:113)
{ event: &quot;set-tier-weight&quot;, token-id: u16, weight: u13 } (bme030-0-reputation-token:113)
{ event: &quot;set-tier-weight&quot;, token-id: u17, weight: u13 } (bme030-0-reputation-token:113)
{ event: &quot;set-tier-weight&quot;, token-id: u18, weight: u13 } (bme030-0-reputation-token:113)
{ event: &quot;set-tier-weight&quot;, token-id: u19, weight: u21 } (bme030-0-reputation-token:113)
{ event: &quot;set-tier-weight&quot;, token-id: u20, weight: u21 } (bme030-0-reputation-token:113)
&quot;BigMarket DAO has risen.&quot; (bdp000-bootstrap:199)
{ event: &quot;propose&quot;, proposal: (ST1PQHQKV0RJXZFY1DGX8MNSNYVE3VGZJSRTPGZGM.bdp001-gating as &lt;SP3JP0N1ZXGASRJ0F7QAHWFPGTVK9T2XNXDB908Z.proposal-trait.proposal-trait&gt;), proposer: &apos;ST1SJ3DTE5DN7X54YDH5D64R3BCB6A2AG2ZQ8YPD5 } (bme001-0-proposal-voting:73)
{ amount: u1000, event: &quot;vote&quot;, for: true, proposal: &apos;ST1PQHQKV0RJXZFY1DGX8MNSNYVE3VGZJSRTPGZGM.bdp001-gating, voter: &apos;ST2CY5V39NHDPWSXMW9QDT3HC3GD6Q6XX4CFRK9AG } (bme001-0-proposal-voting:172)
{ event: &quot;conclude&quot;, passed: true, proposal: (ST1PQHQKV0RJXZFY1DGX8MNSNYVE3VGZJSRTPGZGM.bdp001-gating as &lt;SP3JP0N1ZXGASRJ0F7QAHWFPGTVK9T2XNXDB908Z.proposal-trait.proposal-trait&gt;) } (bme001-0-proposal-voting:193)
{ amount: u6, event: &quot;sft_mint&quot;, recipient: &apos;ST2CY5V39NHDPWSXMW9QDT3HC3GD6Q6XX4CFRK9AG, token-id: u11 } (bme030-0-reputation-token:152)
{ event: &quot;execute&quot;, proposal: (ST1PQHQKV0RJXZFY1DGX8MNSNYVE3VGZJSRTPGZGM.bdp001-gating as &lt;SP3JP0N1ZXGASRJ0F7QAHWFPGTVK9T2XNXDB908Z.proposal-trait.proposal-trait&gt;) } (bigmarket-dao:63)
{ contract-id: &apos;ST1PQHQKV0RJXZFY1DGX8MNSNYVE3VGZJSRTPGZGM.bme024-0-market-predicting, contract-key: 0x54abdeef6da725ddae0b3ed6775656128b152c636a5a44508153639838c60c1b, contract-name: 0x0d0000001a626d653032342d302d6d61726b65742d70726564696374696e67, event: &quot;set-merkle-root-by-principal&quot;, merkle-root: (some { merkle-root: 0x5f24649277af2f6364faf35827dffe12b85f2f1dca5ae92733c72af91455aa64 }) } (bme022-0-market-gating:68)

            </system-out>
        </testcase>
        <testcase classname="tests/gating/account-gating.test.ts" name="gating market  creation &gt; can&apos;t call create-market with invalid merkle lookup key" time="0.115">
            <system-out>
{ event: &quot;execute&quot;, proposal: (ST1PQHQKV0RJXZFY1DGX8MNSNYVE3VGZJSRTPGZGM.bdp000-bootstrap as &lt;SP3JP0N1ZXGASRJ0F7QAHWFPGTVK9T2XNXDB908Z.proposal-trait.proposal-trait&gt;) } (bigmarket-dao:63)
{ enabled: true, event: &quot;extension&quot;, extension: &apos;ST1PQHQKV0RJXZFY1DGX8MNSNYVE3VGZJSRTPGZGM.bme000-0-governance-token } (bigmarket-dao:41)
{ enabled: true, event: &quot;extension&quot;, extension: &apos;ST1PQHQKV0RJXZFY1DGX8MNSNYVE3VGZJSRTPGZGM.bme001-0-proposal-voting } (bigmarket-dao:41)
{ enabled: true, event: &quot;extension&quot;, extension: &apos;ST1PQHQKV0RJXZFY1DGX8MNSNYVE3VGZJSRTPGZGM.bme003-0-core-proposals } (bigmarket-dao:41)
{ enabled: true, event: &quot;extension&quot;, extension: &apos;ST1PQHQKV0RJXZFY1DGX8MNSNYVE3VGZJSRTPGZGM.bme004-0-core-execute } (bigmarket-dao:41)
{ enabled: true, event: &quot;extension&quot;, extension: &apos;ST1PQHQKV0RJXZFY1DGX8MNSNYVE3VGZJSRTPGZGM.bme006-0-treasury } (bigmarket-dao:41)
{ enabled: true, event: &quot;extension&quot;, extension: &apos;ST1PQHQKV0RJXZFY1DGX8MNSNYVE3VGZJSRTPGZGM.bme010-0-token-sale } (bigmarket-dao:41)
{ enabled: true, event: &quot;extension&quot;, extension: &apos;ST1PQHQKV0RJXZFY1DGX8MNSNYVE3VGZJSRTPGZGM.bme010-0-liquidity-contribution } (bigmarket-dao:41)
{ enabled: true, event: &quot;extension&quot;, extension: &apos;ST1PQHQKV0RJXZFY1DGX8MNSNYVE3VGZJSRTPGZGM.bme021-0-market-voting } (bigmarket-dao:41)
{ enabled: true, event: &quot;extension&quot;, extension: &apos;ST1PQHQKV0RJXZFY1DGX8MNSNYVE3VGZJSRTPGZGM.bme022-0-market-gating } (bigmarket-dao:41)
{ enabled: true, event: &quot;extension&quot;, extension: &apos;ST1PQHQKV0RJXZFY1DGX8MNSNYVE3VGZJSRTPGZGM.bme023-0-market-bitcoin } (bigmarket-dao:41)
{ enabled: true, event: &quot;extension&quot;, extension: &apos;ST1PQHQKV0RJXZFY1DGX8MNSNYVE3VGZJSRTPGZGM.bme024-0-market-predicting } (bigmarket-dao:41)
{ enabled: true, event: &quot;extension&quot;, extension: &apos;ST1PQHQKV0RJXZFY1DGX8MNSNYVE3VGZJSRTPGZGM.bme024-0-market-scalar-pyth } (bigmarket-dao:41)
{ enabled: true, event: &quot;extension&quot;, extension: &apos;ST1PQHQKV0RJXZFY1DGX8MNSNYVE3VGZJSRTPGZGM.bme030-0-reputation-token } (bigmarket-dao:41)
{ enabled: true, event: &quot;extension&quot;, extension: &apos;ST1PQHQKV0RJXZFY1DGX8MNSNYVE3VGZJSRTPGZGM.bme040-0-shares-marketplace } (bigmarket-dao:41)
{ event: &quot;set-core-team-member&quot;, member: true, who: &apos;ST1PQHQKV0RJXZFY1DGX8MNSNYVE3VGZJSRTPGZGM } (bme003-0-core-proposals:48)
{ event: &quot;set-core-team-member&quot;, member: true, who: &apos;ST1SJ3DTE5DN7X54YDH5D64R3BCB6A2AG2ZQ8YPD5 } (bme003-0-core-proposals:48)
{ contract-id: &apos;ST1PQHQKV0RJXZFY1DGX8MNSNYVE3VGZJSRTPGZGM.bme024-0-market-scalar-pyth, contract-key: 0xf131a25d1309392f4a51317bbd59d274865a348e4ef6d1eb40f92f56edbe55ef, contract-name: 0x0d0000001b626d653032342d302d6d61726b65742d7363616c61722d70797468, event: &quot;set-merkle-root-by-principal&quot;, merkle-root: (some { merkle-root: 0x26067618f71da1da6fa33c9b7f8d989b87f71ade892e1c55ce3b46ac79a7e64e }) } (bme022-0-market-gating:68)
{ contract-id: &apos;ST1PQHQKV0RJXZFY1DGX8MNSNYVE3VGZJSRTPGZGM.bme024-0-market-predicting, contract-key: 0x54abdeef6da725ddae0b3ed6775656128b152c636a5a44508153639838c60c1b, contract-name: 0x0d0000001a626d653032342d302d6d61726b65742d70726564696374696e67, event: &quot;set-merkle-root-by-principal&quot;, merkle-root: (some { merkle-root: 0x26067618f71da1da6fa33c9b7f8d989b87f71ade892e1c55ce3b46ac79a7e64e }) } (bme022-0-market-gating:68)
{ contract-id: &apos;ST1PQHQKV0RJXZFY1DGX8MNSNYVE3VGZJSRTPGZGM.bme024-0-market-scalar-pyth, contract-key: 0xf131a25d1309392f4a51317bbd59d274865a348e4ef6d1eb40f92f56edbe55ef, contract-name: 0x0d0000001b626d653032342d302d6d61726b65742d7363616c61722d70797468, event: &quot;set-merkle-root-by-principal&quot;, merkle-root: (some { merkle-root: 0x26067618f71da1da6fa33c9b7f8d989b87f71ade892e1c55ce3b46ac79a7e64e }) } (bme022-0-market-gating:68)
{ enabled: true, event: &quot;allowed-token&quot;, token: &apos;ST1PQHQKV0RJXZFY1DGX8MNSNYVE3VGZJSRTPGZGM.wrapped-stx } (bme024-0-market-predicting:145)
{ enabled: true, event: &quot;allowed-token&quot;, token: &apos;ST1PQHQKV0RJXZFY1DGX8MNSNYVE3VGZJSRTPGZGM.sbtc } (bme024-0-market-predicting:145)
{ enabled: true, event: &quot;allowed-token&quot;, token: &apos;ST1PQHQKV0RJXZFY1DGX8MNSNYVE3VGZJSRTPGZGM.tusdh } (bme024-0-market-predicting:145)
{ enabled: true, event: &quot;allowed-token&quot;, token: &apos;ST1PQHQKV0RJXZFY1DGX8MNSNYVE3VGZJSRTPGZGM.tpepe } (bme024-0-market-predicting:145)
{ default-hedge-executor: &apos;ST1PQHQKV0RJXZFY1DGX8MNSNYVE3VGZJSRTPGZGM.bme032-0-scalar-strategy-hedge, event: &quot;default-hedge-executor&quot; } (bme024-0-market-predicting:165)
{ enabled: true, event: &quot;allowed-token&quot;, token: &apos;ST1PQHQKV0RJXZFY1DGX8MNSNYVE3VGZJSRTPGZGM.wrapped-stx } (bme024-0-market-scalar-pyth:164)
{ enabled: true, event: &quot;allowed-token&quot;, token: &apos;ST1PQHQKV0RJXZFY1DGX8MNSNYVE3VGZJSRTPGZGM.sbtc } (bme024-0-market-scalar-pyth:164)
{ enabled: true, event: &quot;allowed-token&quot;, token: &apos;ST1PQHQKV0RJXZFY1DGX8MNSNYVE3VGZJSRTPGZGM.tusdh } (bme024-0-market-scalar-pyth:164)
{ enabled: true, event: &quot;allowed-token&quot;, token: &apos;ST1PQHQKV0RJXZFY1DGX8MNSNYVE3VGZJSRTPGZGM.tpepe } (bme024-0-market-scalar-pyth:164)
{ default-hedge-executor: &apos;ST1PQHQKV0RJXZFY1DGX8MNSNYVE3VGZJSRTPGZGM.bme032-0-scalar-strategy-hedge, event: &quot;default-hedge-executor&quot; } (bme024-0-market-scalar-pyth:184)
{ event: &quot;price-band-width&quot;, feed-id: 0xec7a775f46379b5e943c3526b1c8d54cd49749176b0b98e02dde68d1bd335c17, precent: u2000 } (bme024-0-market-scalar-pyth:202)
{ event: &quot;price-band-width&quot;, feed-id: 0xe62df6c8b4a85fe1a67db44dc12de5db330f7ac66b72dc658afedf0f4a415b43, precent: u100 } (bme024-0-market-scalar-pyth:202)
{ event: &quot;price-band-width&quot;, feed-id: 0xef0d8b6fda2ceba41da15d4095d1da392a0d2f8ed0c6c7bc0f4cfac8c280b56d, precent: u500 } (bme024-0-market-scalar-pyth:202)
{ event: &quot;price-band-width&quot;, feed-id: 0xff61491a931112ddf1bd8147cd1b641375f79f5825126d665480874634fd0ace, precent: u1000 } (bme024-0-market-scalar-pyth:202)
{ amount: u300000000000, current-key: u1, duration: u105120, event: &quot;set-core-team-vesting&quot;, start-block: u5 } (bme000-0-governance-token:95)
{ amount: u300000000000, current-key: u1, duration: u105120, event: &quot;set-core-team-vesting&quot;, start-block: u5 } (bme000-0-governance-token:95)
{ amount: u300000000000, current-key: u1, duration: u105120, event: &quot;set-core-team-vesting&quot;, start-block: u5 } (bme000-0-governance-token:95)
{ amount: u300000000000, current-key: u1, duration: u105120, event: &quot;set-core-team-vesting&quot;, start-block: u5 } (bme000-0-governance-token:95)
{ amount: u300000000000, current-key: u1, duration: u105120, event: &quot;set-core-team-vesting&quot;, start-block: u5 } (bme000-0-governance-token:95)
{ event: &quot;set-tier-weight&quot;, token-id: u1, weight: u1 } (bme030-0-reputation-token:113)
{ event: &quot;set-tier-weight&quot;, token-id: u2, weight: u1 } (bme030-0-reputation-token:113)
{ event: &quot;set-tier-weight&quot;, token-id: u3, weight: u1 } (bme030-0-reputation-token:113)
{ event: &quot;set-tier-weight&quot;, token-id: u4, weight: u2 } (bme030-0-reputation-token:113)
{ event: &quot;set-tier-weight&quot;, token-id: u5, weight: u2 } (bme030-0-reputation-token:113)
{ event: &quot;set-tier-weight&quot;, token-id: u6, weight: u2 } (bme030-0-reputation-token:113)
{ event: &quot;set-tier-weight&quot;, token-id: u7, weight: u3 } (bme030-0-reputation-token:113)
{ event: &quot;set-tier-weight&quot;, token-id: u8, weight: u3 } (bme030-0-reputation-token:113)
{ event: &quot;set-tier-weight&quot;, token-id: u9, weight: u3 } (bme030-0-reputation-token:113)
{ event: &quot;set-tier-weight&quot;, token-id: u10, weight: u5 } (bme030-0-reputation-token:113)
{ event: &quot;set-tier-weight&quot;, token-id: u11, weight: u5 } (bme030-0-reputation-token:113)
{ event: &quot;set-tier-weight&quot;, token-id: u12, weight: u5 } (bme030-0-reputation-token:113)
{ event: &quot;set-tier-weight&quot;, token-id: u13, weight: u8 } (bme030-0-reputation-token:113)
{ event: &quot;set-tier-weight&quot;, token-id: u14, weight: u8 } (bme030-0-reputation-token:113)
{ event: &quot;set-tier-weight&quot;, token-id: u15, weight: u8 } (bme030-0-reputation-token:113)
{ event: &quot;set-tier-weight&quot;, token-id: u16, weight: u13 } (bme030-0-reputation-token:113)
{ event: &quot;set-tier-weight&quot;, token-id: u17, weight: u13 } (bme030-0-reputation-token:113)
{ event: &quot;set-tier-weight&quot;, token-id: u18, weight: u13 } (bme030-0-reputation-token:113)
{ event: &quot;set-tier-weight&quot;, token-id: u19, weight: u21 } (bme030-0-reputation-token:113)
{ event: &quot;set-tier-weight&quot;, token-id: u20, weight: u21 } (bme030-0-reputation-token:113)
&quot;BigMarket DAO has risen.&quot; (bdp000-bootstrap:199)
{ event: &quot;propose&quot;, proposal: (ST1PQHQKV0RJXZFY1DGX8MNSNYVE3VGZJSRTPGZGM.bdp001-gating as &lt;SP3JP0N1ZXGASRJ0F7QAHWFPGTVK9T2XNXDB908Z.proposal-trait.proposal-trait&gt;), proposer: &apos;ST1SJ3DTE5DN7X54YDH5D64R3BCB6A2AG2ZQ8YPD5 } (bme001-0-proposal-voting:73)
{ amount: u1000, event: &quot;vote&quot;, for: true, proposal: &apos;ST1PQHQKV0RJXZFY1DGX8MNSNYVE3VGZJSRTPGZGM.bdp001-gating, voter: &apos;ST2CY5V39NHDPWSXMW9QDT3HC3GD6Q6XX4CFRK9AG } (bme001-0-proposal-voting:172)
{ event: &quot;conclude&quot;, passed: true, proposal: (ST1PQHQKV0RJXZFY1DGX8MNSNYVE3VGZJSRTPGZGM.bdp001-gating as &lt;SP3JP0N1ZXGASRJ0F7QAHWFPGTVK9T2XNXDB908Z.proposal-trait.proposal-trait&gt;) } (bme001-0-proposal-voting:193)
{ amount: u6, event: &quot;sft_mint&quot;, recipient: &apos;ST2CY5V39NHDPWSXMW9QDT3HC3GD6Q6XX4CFRK9AG, token-id: u11 } (bme030-0-reputation-token:152)
{ event: &quot;execute&quot;, proposal: (ST1PQHQKV0RJXZFY1DGX8MNSNYVE3VGZJSRTPGZGM.bdp001-gating as &lt;SP3JP0N1ZXGASRJ0F7QAHWFPGTVK9T2XNXDB908Z.proposal-trait.proposal-trait&gt;) } (bigmarket-dao:63)
{ contract-id: &apos;ST1PQHQKV0RJXZFY1DGX8MNSNYVE3VGZJSRTPGZGM.bme024-0-market-predicting, contract-key: 0x54abdeef6da725ddae0b3ed6775656128b152c636a5a44508153639838c60c1b, contract-name: 0x0d0000001a626d653032342d302d6d61726b65742d70726564696374696e67, event: &quot;set-merkle-root-by-principal&quot;, merkle-root: (some { merkle-root: 0x5f24649277af2f6364faf35827dffe12b85f2f1dca5ae92733c72af91455aa64 }) } (bme022-0-market-gating:68)

            </system-out>
        </testcase>
        <testcase classname="tests/gating/account-gating.test.ts" name="gating market  creation &gt; deployer can create-market if dao bootstrapped" time="0.101">
            <system-out>
{ event: &quot;execute&quot;, proposal: (ST1PQHQKV0RJXZFY1DGX8MNSNYVE3VGZJSRTPGZGM.bdp000-bootstrap as &lt;SP3JP0N1ZXGASRJ0F7QAHWFPGTVK9T2XNXDB908Z.proposal-trait.proposal-trait&gt;) } (bigmarket-dao:63)
{ enabled: true, event: &quot;extension&quot;, extension: &apos;ST1PQHQKV0RJXZFY1DGX8MNSNYVE3VGZJSRTPGZGM.bme000-0-governance-token } (bigmarket-dao:41)
{ enabled: true, event: &quot;extension&quot;, extension: &apos;ST1PQHQKV0RJXZFY1DGX8MNSNYVE3VGZJSRTPGZGM.bme001-0-proposal-voting } (bigmarket-dao:41)
{ enabled: true, event: &quot;extension&quot;, extension: &apos;ST1PQHQKV0RJXZFY1DGX8MNSNYVE3VGZJSRTPGZGM.bme003-0-core-proposals } (bigmarket-dao:41)
{ enabled: true, event: &quot;extension&quot;, extension: &apos;ST1PQHQKV0RJXZFY1DGX8MNSNYVE3VGZJSRTPGZGM.bme004-0-core-execute } (bigmarket-dao:41)
{ enabled: true, event: &quot;extension&quot;, extension: &apos;ST1PQHQKV0RJXZFY1DGX8MNSNYVE3VGZJSRTPGZGM.bme006-0-treasury } (bigmarket-dao:41)
{ enabled: true, event: &quot;extension&quot;, extension: &apos;ST1PQHQKV0RJXZFY1DGX8MNSNYVE3VGZJSRTPGZGM.bme010-0-token-sale } (bigmarket-dao:41)
{ enabled: true, event: &quot;extension&quot;, extension: &apos;ST1PQHQKV0RJXZFY1DGX8MNSNYVE3VGZJSRTPGZGM.bme010-0-liquidity-contribution } (bigmarket-dao:41)
{ enabled: true, event: &quot;extension&quot;, extension: &apos;ST1PQHQKV0RJXZFY1DGX8MNSNYVE3VGZJSRTPGZGM.bme021-0-market-voting } (bigmarket-dao:41)
{ enabled: true, event: &quot;extension&quot;, extension: &apos;ST1PQHQKV0RJXZFY1DGX8MNSNYVE3VGZJSRTPGZGM.bme022-0-market-gating } (bigmarket-dao:41)
{ enabled: true, event: &quot;extension&quot;, extension: &apos;ST1PQHQKV0RJXZFY1DGX8MNSNYVE3VGZJSRTPGZGM.bme023-0-market-bitcoin } (bigmarket-dao:41)
{ enabled: true, event: &quot;extension&quot;, extension: &apos;ST1PQHQKV0RJXZFY1DGX8MNSNYVE3VGZJSRTPGZGM.bme024-0-market-predicting } (bigmarket-dao:41)
{ enabled: true, event: &quot;extension&quot;, extension: &apos;ST1PQHQKV0RJXZFY1DGX8MNSNYVE3VGZJSRTPGZGM.bme024-0-market-scalar-pyth } (bigmarket-dao:41)
{ enabled: true, event: &quot;extension&quot;, extension: &apos;ST1PQHQKV0RJXZFY1DGX8MNSNYVE3VGZJSRTPGZGM.bme030-0-reputation-token } (bigmarket-dao:41)
{ enabled: true, event: &quot;extension&quot;, extension: &apos;ST1PQHQKV0RJXZFY1DGX8MNSNYVE3VGZJSRTPGZGM.bme040-0-shares-marketplace } (bigmarket-dao:41)
{ event: &quot;set-core-team-member&quot;, member: true, who: &apos;ST1PQHQKV0RJXZFY1DGX8MNSNYVE3VGZJSRTPGZGM } (bme003-0-core-proposals:48)
{ event: &quot;set-core-team-member&quot;, member: true, who: &apos;ST1SJ3DTE5DN7X54YDH5D64R3BCB6A2AG2ZQ8YPD5 } (bme003-0-core-proposals:48)
{ contract-id: &apos;ST1PQHQKV0RJXZFY1DGX8MNSNYVE3VGZJSRTPGZGM.bme024-0-market-scalar-pyth, contract-key: 0xf131a25d1309392f4a51317bbd59d274865a348e4ef6d1eb40f92f56edbe55ef, contract-name: 0x0d0000001b626d653032342d302d6d61726b65742d7363616c61722d70797468, event: &quot;set-merkle-root-by-principal&quot;, merkle-root: (some { merkle-root: 0x26067618f71da1da6fa33c9b7f8d989b87f71ade892e1c55ce3b46ac79a7e64e }) } (bme022-0-market-gating:68)
{ contract-id: &apos;ST1PQHQKV0RJXZFY1DGX8MNSNYVE3VGZJSRTPGZGM.bme024-0-market-predicting, contract-key: 0x54abdeef6da725ddae0b3ed6775656128b152c636a5a44508153639838c60c1b, contract-name: 0x0d0000001a626d653032342d302d6d61726b65742d70726564696374696e67, event: &quot;set-merkle-root-by-principal&quot;, merkle-root: (some { merkle-root: 0x26067618f71da1da6fa33c9b7f8d989b87f71ade892e1c55ce3b46ac79a7e64e }) } (bme022-0-market-gating:68)
{ contract-id: &apos;ST1PQHQKV0RJXZFY1DGX8MNSNYVE3VGZJSRTPGZGM.bme024-0-market-scalar-pyth, contract-key: 0xf131a25d1309392f4a51317bbd59d274865a348e4ef6d1eb40f92f56edbe55ef, contract-name: 0x0d0000001b626d653032342d302d6d61726b65742d7363616c61722d70797468, event: &quot;set-merkle-root-by-principal&quot;, merkle-root: (some { merkle-root: 0x26067618f71da1da6fa33c9b7f8d989b87f71ade892e1c55ce3b46ac79a7e64e }) } (bme022-0-market-gating:68)
{ enabled: true, event: &quot;allowed-token&quot;, token: &apos;ST1PQHQKV0RJXZFY1DGX8MNSNYVE3VGZJSRTPGZGM.wrapped-stx } (bme024-0-market-predicting:145)
{ enabled: true, event: &quot;allowed-token&quot;, token: &apos;ST1PQHQKV0RJXZFY1DGX8MNSNYVE3VGZJSRTPGZGM.sbtc } (bme024-0-market-predicting:145)
{ enabled: true, event: &quot;allowed-token&quot;, token: &apos;ST1PQHQKV0RJXZFY1DGX8MNSNYVE3VGZJSRTPGZGM.tusdh } (bme024-0-market-predicting:145)
{ enabled: true, event: &quot;allowed-token&quot;, token: &apos;ST1PQHQKV0RJXZFY1DGX8MNSNYVE3VGZJSRTPGZGM.tpepe } (bme024-0-market-predicting:145)
{ default-hedge-executor: &apos;ST1PQHQKV0RJXZFY1DGX8MNSNYVE3VGZJSRTPGZGM.bme032-0-scalar-strategy-hedge, event: &quot;default-hedge-executor&quot; } (bme024-0-market-predicting:165)
{ enabled: true, event: &quot;allowed-token&quot;, token: &apos;ST1PQHQKV0RJXZFY1DGX8MNSNYVE3VGZJSRTPGZGM.wrapped-stx } (bme024-0-market-scalar-pyth:164)
{ enabled: true, event: &quot;allowed-token&quot;, token: &apos;ST1PQHQKV0RJXZFY1DGX8MNSNYVE3VGZJSRTPGZGM.sbtc } (bme024-0-market-scalar-pyth:164)
{ enabled: true, event: &quot;allowed-token&quot;, token: &apos;ST1PQHQKV0RJXZFY1DGX8MNSNYVE3VGZJSRTPGZGM.tusdh } (bme024-0-market-scalar-pyth:164)
{ enabled: true, event: &quot;allowed-token&quot;, token: &apos;ST1PQHQKV0RJXZFY1DGX8MNSNYVE3VGZJSRTPGZGM.tpepe } (bme024-0-market-scalar-pyth:164)
{ default-hedge-executor: &apos;ST1PQHQKV0RJXZFY1DGX8MNSNYVE3VGZJSRTPGZGM.bme032-0-scalar-strategy-hedge, event: &quot;default-hedge-executor&quot; } (bme024-0-market-scalar-pyth:184)
{ event: &quot;price-band-width&quot;, feed-id: 0xec7a775f46379b5e943c3526b1c8d54cd49749176b0b98e02dde68d1bd335c17, precent: u2000 } (bme024-0-market-scalar-pyth:202)
{ event: &quot;price-band-width&quot;, feed-id: 0xe62df6c8b4a85fe1a67db44dc12de5db330f7ac66b72dc658afedf0f4a415b43, precent: u100 } (bme024-0-market-scalar-pyth:202)
{ event: &quot;price-band-width&quot;, feed-id: 0xef0d8b6fda2ceba41da15d4095d1da392a0d2f8ed0c6c7bc0f4cfac8c280b56d, precent: u500 } (bme024-0-market-scalar-pyth:202)
{ event: &quot;price-band-width&quot;, feed-id: 0xff61491a931112ddf1bd8147cd1b641375f79f5825126d665480874634fd0ace, precent: u1000 } (bme024-0-market-scalar-pyth:202)
{ amount: u300000000000, current-key: u1, duration: u105120, event: &quot;set-core-team-vesting&quot;, start-block: u5 } (bme000-0-governance-token:95)
{ amount: u300000000000, current-key: u1, duration: u105120, event: &quot;set-core-team-vesting&quot;, start-block: u5 } (bme000-0-governance-token:95)
{ amount: u300000000000, current-key: u1, duration: u105120, event: &quot;set-core-team-vesting&quot;, start-block: u5 } (bme000-0-governance-token:95)
{ amount: u300000000000, current-key: u1, duration: u105120, event: &quot;set-core-team-vesting&quot;, start-block: u5 } (bme000-0-governance-token:95)
{ amount: u300000000000, current-key: u1, duration: u105120, event: &quot;set-core-team-vesting&quot;, start-block: u5 } (bme000-0-governance-token:95)
{ event: &quot;set-tier-weight&quot;, token-id: u1, weight: u1 } (bme030-0-reputation-token:113)
{ event: &quot;set-tier-weight&quot;, token-id: u2, weight: u1 } (bme030-0-reputation-token:113)
{ event: &quot;set-tier-weight&quot;, token-id: u3, weight: u1 } (bme030-0-reputation-token:113)
{ event: &quot;set-tier-weight&quot;, token-id: u4, weight: u2 } (bme030-0-reputation-token:113)
{ event: &quot;set-tier-weight&quot;, token-id: u5, weight: u2 } (bme030-0-reputation-token:113)
{ event: &quot;set-tier-weight&quot;, token-id: u6, weight: u2 } (bme030-0-reputation-token:113)
{ event: &quot;set-tier-weight&quot;, token-id: u7, weight: u3 } (bme030-0-reputation-token:113)
{ event: &quot;set-tier-weight&quot;, token-id: u8, weight: u3 } (bme030-0-reputation-token:113)
{ event: &quot;set-tier-weight&quot;, token-id: u9, weight: u3 } (bme030-0-reputation-token:113)
{ event: &quot;set-tier-weight&quot;, token-id: u10, weight: u5 } (bme030-0-reputation-token:113)
{ event: &quot;set-tier-weight&quot;, token-id: u11, weight: u5 } (bme030-0-reputation-token:113)
{ event: &quot;set-tier-weight&quot;, token-id: u12, weight: u5 } (bme030-0-reputation-token:113)
{ event: &quot;set-tier-weight&quot;, token-id: u13, weight: u8 } (bme030-0-reputation-token:113)
{ event: &quot;set-tier-weight&quot;, token-id: u14, weight: u8 } (bme030-0-reputation-token:113)
{ event: &quot;set-tier-weight&quot;, token-id: u15, weight: u8 } (bme030-0-reputation-token:113)
{ event: &quot;set-tier-weight&quot;, token-id: u16, weight: u13 } (bme030-0-reputation-token:113)
{ event: &quot;set-tier-weight&quot;, token-id: u17, weight: u13 } (bme030-0-reputation-token:113)
{ event: &quot;set-tier-weight&quot;, token-id: u18, weight: u13 } (bme030-0-reputation-token:113)
{ event: &quot;set-tier-weight&quot;, token-id: u19, weight: u21 } (bme030-0-reputation-token:113)
{ event: &quot;set-tier-weight&quot;, token-id: u20, weight: u21 } (bme030-0-reputation-token:113)
&quot;BigMarket DAO has risen.&quot; (bdp000-bootstrap:199)
{ contract-key: 0x54abdeef6da725ddae0b3ed6775656128b152c636a5a44508153639838c60c1b, contract-name: 0x0d0000001a626d653032342d302d6d61726b65742d70726564696374696e67, event: &quot;can-access-by-account&quot;, leaf: 0x26067618f71da1da6fa33c9b7f8d989b87f71ade892e1c55ce3b46ac79a7e64e, proof-valid: true, root: { merkle-root: 0x26067618f71da1da6fa33c9b7f8d989b87f71ade892e1c55ce3b46ac79a7e64e }, sender: &apos;ST1PQHQKV0RJXZFY1DGX8MNSNYVE3VGZJSRTPGZGM, txsender: &apos;ST1PQHQKV0RJXZFY1DGX8MNSNYVE3VGZJSRTPGZGM.bme024-0-market-predicting } (bme022-0-market-gating:192)
{ amount: u16, event: &quot;sft_mint&quot;, recipient: &apos;ST1PQHQKV0RJXZFY1DGX8MNSNYVE3VGZJSRTPGZGM, token-id: u2 } (bme030-0-reputation-token:152)
{ categories: (list &quot;nay&quot; &quot;yay&quot;), creator: &apos;ST1PQHQKV0RJXZFY1DGX8MNSNYVE3VGZJSRTPGZGM, event: &quot;create-market&quot;, market-data-hash: 0xfe57bb961c647d98656cc35801e52d3eed46f3cdcc8e840df7af8bd3a04312d5, market-fee-bips: u0, market-id: u0, seed-amount: u100000000, token: (ST1PQHQKV0RJXZFY1DGX8MNSNYVE3VGZJSRTPGZGM.wrapped-stx as &lt;SP2AKWJYC7BNY18W1XXKPGP0YVEK63QJG4793Z2D4.sip-010-trait-ft-standard.sip-010-trait&gt;) } (bme024-0-market-predicting:328)

            </system-out>
        </testcase>
        <testcase classname="tests/gating/account-gating.test.ts" name="gating market  creation &gt; alice cannot create-market if dao bootstrapped" time="0.101">
            <system-out>
{ event: &quot;execute&quot;, proposal: (ST1PQHQKV0RJXZFY1DGX8MNSNYVE3VGZJSRTPGZGM.bdp000-bootstrap as &lt;SP3JP0N1ZXGASRJ0F7QAHWFPGTVK9T2XNXDB908Z.proposal-trait.proposal-trait&gt;) } (bigmarket-dao:63)
{ enabled: true, event: &quot;extension&quot;, extension: &apos;ST1PQHQKV0RJXZFY1DGX8MNSNYVE3VGZJSRTPGZGM.bme000-0-governance-token } (bigmarket-dao:41)
{ enabled: true, event: &quot;extension&quot;, extension: &apos;ST1PQHQKV0RJXZFY1DGX8MNSNYVE3VGZJSRTPGZGM.bme001-0-proposal-voting } (bigmarket-dao:41)
{ enabled: true, event: &quot;extension&quot;, extension: &apos;ST1PQHQKV0RJXZFY1DGX8MNSNYVE3VGZJSRTPGZGM.bme003-0-core-proposals } (bigmarket-dao:41)
{ enabled: true, event: &quot;extension&quot;, extension: &apos;ST1PQHQKV0RJXZFY1DGX8MNSNYVE3VGZJSRTPGZGM.bme004-0-core-execute } (bigmarket-dao:41)
{ enabled: true, event: &quot;extension&quot;, extension: &apos;ST1PQHQKV0RJXZFY1DGX8MNSNYVE3VGZJSRTPGZGM.bme006-0-treasury } (bigmarket-dao:41)
{ enabled: true, event: &quot;extension&quot;, extension: &apos;ST1PQHQKV0RJXZFY1DGX8MNSNYVE3VGZJSRTPGZGM.bme010-0-token-sale } (bigmarket-dao:41)
{ enabled: true, event: &quot;extension&quot;, extension: &apos;ST1PQHQKV0RJXZFY1DGX8MNSNYVE3VGZJSRTPGZGM.bme010-0-liquidity-contribution } (bigmarket-dao:41)
{ enabled: true, event: &quot;extension&quot;, extension: &apos;ST1PQHQKV0RJXZFY1DGX8MNSNYVE3VGZJSRTPGZGM.bme021-0-market-voting } (bigmarket-dao:41)
{ enabled: true, event: &quot;extension&quot;, extension: &apos;ST1PQHQKV0RJXZFY1DGX8MNSNYVE3VGZJSRTPGZGM.bme022-0-market-gating } (bigmarket-dao:41)
{ enabled: true, event: &quot;extension&quot;, extension: &apos;ST1PQHQKV0RJXZFY1DGX8MNSNYVE3VGZJSRTPGZGM.bme023-0-market-bitcoin } (bigmarket-dao:41)
{ enabled: true, event: &quot;extension&quot;, extension: &apos;ST1PQHQKV0RJXZFY1DGX8MNSNYVE3VGZJSRTPGZGM.bme024-0-market-predicting } (bigmarket-dao:41)
{ enabled: true, event: &quot;extension&quot;, extension: &apos;ST1PQHQKV0RJXZFY1DGX8MNSNYVE3VGZJSRTPGZGM.bme024-0-market-scalar-pyth } (bigmarket-dao:41)
{ enabled: true, event: &quot;extension&quot;, extension: &apos;ST1PQHQKV0RJXZFY1DGX8MNSNYVE3VGZJSRTPGZGM.bme030-0-reputation-token } (bigmarket-dao:41)
{ enabled: true, event: &quot;extension&quot;, extension: &apos;ST1PQHQKV0RJXZFY1DGX8MNSNYVE3VGZJSRTPGZGM.bme040-0-shares-marketplace } (bigmarket-dao:41)
{ event: &quot;set-core-team-member&quot;, member: true, who: &apos;ST1PQHQKV0RJXZFY1DGX8MNSNYVE3VGZJSRTPGZGM } (bme003-0-core-proposals:48)
{ event: &quot;set-core-team-member&quot;, member: true, who: &apos;ST1SJ3DTE5DN7X54YDH5D64R3BCB6A2AG2ZQ8YPD5 } (bme003-0-core-proposals:48)
{ contract-id: &apos;ST1PQHQKV0RJXZFY1DGX8MNSNYVE3VGZJSRTPGZGM.bme024-0-market-scalar-pyth, contract-key: 0xf131a25d1309392f4a51317bbd59d274865a348e4ef6d1eb40f92f56edbe55ef, contract-name: 0x0d0000001b626d653032342d302d6d61726b65742d7363616c61722d70797468, event: &quot;set-merkle-root-by-principal&quot;, merkle-root: (some { merkle-root: 0x26067618f71da1da6fa33c9b7f8d989b87f71ade892e1c55ce3b46ac79a7e64e }) } (bme022-0-market-gating:68)
{ contract-id: &apos;ST1PQHQKV0RJXZFY1DGX8MNSNYVE3VGZJSRTPGZGM.bme024-0-market-predicting, contract-key: 0x54abdeef6da725ddae0b3ed6775656128b152c636a5a44508153639838c60c1b, contract-name: 0x0d0000001a626d653032342d302d6d61726b65742d70726564696374696e67, event: &quot;set-merkle-root-by-principal&quot;, merkle-root: (some { merkle-root: 0x26067618f71da1da6fa33c9b7f8d989b87f71ade892e1c55ce3b46ac79a7e64e }) } (bme022-0-market-gating:68)
{ contract-id: &apos;ST1PQHQKV0RJXZFY1DGX8MNSNYVE3VGZJSRTPGZGM.bme024-0-market-scalar-pyth, contract-key: 0xf131a25d1309392f4a51317bbd59d274865a348e4ef6d1eb40f92f56edbe55ef, contract-name: 0x0d0000001b626d653032342d302d6d61726b65742d7363616c61722d70797468, event: &quot;set-merkle-root-by-principal&quot;, merkle-root: (some { merkle-root: 0x26067618f71da1da6fa33c9b7f8d989b87f71ade892e1c55ce3b46ac79a7e64e }) } (bme022-0-market-gating:68)
{ enabled: true, event: &quot;allowed-token&quot;, token: &apos;ST1PQHQKV0RJXZFY1DGX8MNSNYVE3VGZJSRTPGZGM.wrapped-stx } (bme024-0-market-predicting:145)
{ enabled: true, event: &quot;allowed-token&quot;, token: &apos;ST1PQHQKV0RJXZFY1DGX8MNSNYVE3VGZJSRTPGZGM.sbtc } (bme024-0-market-predicting:145)
{ enabled: true, event: &quot;allowed-token&quot;, token: &apos;ST1PQHQKV0RJXZFY1DGX8MNSNYVE3VGZJSRTPGZGM.tusdh } (bme024-0-market-predicting:145)
{ enabled: true, event: &quot;allowed-token&quot;, token: &apos;ST1PQHQKV0RJXZFY1DGX8MNSNYVE3VGZJSRTPGZGM.tpepe } (bme024-0-market-predicting:145)
{ default-hedge-executor: &apos;ST1PQHQKV0RJXZFY1DGX8MNSNYVE3VGZJSRTPGZGM.bme032-0-scalar-strategy-hedge, event: &quot;default-hedge-executor&quot; } (bme024-0-market-predicting:165)
{ enabled: true, event: &quot;allowed-token&quot;, token: &apos;ST1PQHQKV0RJXZFY1DGX8MNSNYVE3VGZJSRTPGZGM.wrapped-stx } (bme024-0-market-scalar-pyth:164)
{ enabled: true, event: &quot;allowed-token&quot;, token: &apos;ST1PQHQKV0RJXZFY1DGX8MNSNYVE3VGZJSRTPGZGM.sbtc } (bme024-0-market-scalar-pyth:164)
{ enabled: true, event: &quot;allowed-token&quot;, token: &apos;ST1PQHQKV0RJXZFY1DGX8MNSNYVE3VGZJSRTPGZGM.tusdh } (bme024-0-market-scalar-pyth:164)
{ enabled: true, event: &quot;allowed-token&quot;, token: &apos;ST1PQHQKV0RJXZFY1DGX8MNSNYVE3VGZJSRTPGZGM.tpepe } (bme024-0-market-scalar-pyth:164)
{ default-hedge-executor: &apos;ST1PQHQKV0RJXZFY1DGX8MNSNYVE3VGZJSRTPGZGM.bme032-0-scalar-strategy-hedge, event: &quot;default-hedge-executor&quot; } (bme024-0-market-scalar-pyth:184)
{ event: &quot;price-band-width&quot;, feed-id: 0xec7a775f46379b5e943c3526b1c8d54cd49749176b0b98e02dde68d1bd335c17, precent: u2000 } (bme024-0-market-scalar-pyth:202)
{ event: &quot;price-band-width&quot;, feed-id: 0xe62df6c8b4a85fe1a67db44dc12de5db330f7ac66b72dc658afedf0f4a415b43, precent: u100 } (bme024-0-market-scalar-pyth:202)
{ event: &quot;price-band-width&quot;, feed-id: 0xef0d8b6fda2ceba41da15d4095d1da392a0d2f8ed0c6c7bc0f4cfac8c280b56d, precent: u500 } (bme024-0-market-scalar-pyth:202)
{ event: &quot;price-band-width&quot;, feed-id: 0xff61491a931112ddf1bd8147cd1b641375f79f5825126d665480874634fd0ace, precent: u1000 } (bme024-0-market-scalar-pyth:202)
{ amount: u300000000000, current-key: u1, duration: u105120, event: &quot;set-core-team-vesting&quot;, start-block: u5 } (bme000-0-governance-token:95)
{ amount: u300000000000, current-key: u1, duration: u105120, event: &quot;set-core-team-vesting&quot;, start-block: u5 } (bme000-0-governance-token:95)
{ amount: u300000000000, current-key: u1, duration: u105120, event: &quot;set-core-team-vesting&quot;, start-block: u5 } (bme000-0-governance-token:95)
{ amount: u300000000000, current-key: u1, duration: u105120, event: &quot;set-core-team-vesting&quot;, start-block: u5 } (bme000-0-governance-token:95)
{ amount: u300000000000, current-key: u1, duration: u105120, event: &quot;set-core-team-vesting&quot;, start-block: u5 } (bme000-0-governance-token:95)
{ event: &quot;set-tier-weight&quot;, token-id: u1, weight: u1 } (bme030-0-reputation-token:113)
{ event: &quot;set-tier-weight&quot;, token-id: u2, weight: u1 } (bme030-0-reputation-token:113)
{ event: &quot;set-tier-weight&quot;, token-id: u3, weight: u1 } (bme030-0-reputation-token:113)
{ event: &quot;set-tier-weight&quot;, token-id: u4, weight: u2 } (bme030-0-reputation-token:113)
{ event: &quot;set-tier-weight&quot;, token-id: u5, weight: u2 } (bme030-0-reputation-token:113)
{ event: &quot;set-tier-weight&quot;, token-id: u6, weight: u2 } (bme030-0-reputation-token:113)
{ event: &quot;set-tier-weight&quot;, token-id: u7, weight: u3 } (bme030-0-reputation-token:113)
{ event: &quot;set-tier-weight&quot;, token-id: u8, weight: u3 } (bme030-0-reputation-token:113)
{ event: &quot;set-tier-weight&quot;, token-id: u9, weight: u3 } (bme030-0-reputation-token:113)
{ event: &quot;set-tier-weight&quot;, token-id: u10, weight: u5 } (bme030-0-reputation-token:113)
{ event: &quot;set-tier-weight&quot;, token-id: u11, weight: u5 } (bme030-0-reputation-token:113)
{ event: &quot;set-tier-weight&quot;, token-id: u12, weight: u5 } (bme030-0-reputation-token:113)
{ event: &quot;set-tier-weight&quot;, token-id: u13, weight: u8 } (bme030-0-reputation-token:113)
{ event: &quot;set-tier-weight&quot;, token-id: u14, weight: u8 } (bme030-0-reputation-token:113)
{ event: &quot;set-tier-weight&quot;, token-id: u15, weight: u8 } (bme030-0-reputation-token:113)
{ event: &quot;set-tier-weight&quot;, token-id: u16, weight: u13 } (bme030-0-reputation-token:113)
{ event: &quot;set-tier-weight&quot;, token-id: u17, weight: u13 } (bme030-0-reputation-token:113)
{ event: &quot;set-tier-weight&quot;, token-id: u18, weight: u13 } (bme030-0-reputation-token:113)
{ event: &quot;set-tier-weight&quot;, token-id: u19, weight: u21 } (bme030-0-reputation-token:113)
{ event: &quot;set-tier-weight&quot;, token-id: u20, weight: u21 } (bme030-0-reputation-token:113)
&quot;BigMarket DAO has risen.&quot; (bdp000-bootstrap:199)
{ event: &quot;execute&quot;, proposal: (ST1PQHQKV0RJXZFY1DGX8MNSNYVE3VGZJSRTPGZGM.bdp001-gating-true-testnet as &lt;SP3JP0N1ZXGASRJ0F7QAHWFPGTVK9T2XNXDB908Z.proposal-trait.proposal-trait&gt;) } (bigmarket-dao:63)
{ contract-id: &apos;ST1PQHQKV0RJXZFY1DGX8MNSNYVE3VGZJSRTPGZGM.bme024-0-market-predicting, contract-key: 0x54abdeef6da725ddae0b3ed6775656128b152c636a5a44508153639838c60c1b, contract-name: 0x0d0000001a626d653032342d302d6d61726b65742d70726564696374696e67, event: &quot;set-merkle-root-by-principal&quot;, merkle-root: (some { merkle-root: 0x26067618f71da1da6fa33c9b7f8d989b87f71ade892e1c55ce3b46ac79a7e64e }) } (bme022-0-market-gating:68)

            </system-out>
        </testcase>
        <testcase classname="tests/gating/account-gating.test.ts" name="gating market  creation &gt; GENERATE TESTNET MERKLE ROOTS FOR MARKET CREATION" time="0.1">
            <system-out>
{ event: &quot;execute&quot;, proposal: (ST1PQHQKV0RJXZFY1DGX8MNSNYVE3VGZJSRTPGZGM.bdp000-bootstrap as &lt;SP3JP0N1ZXGASRJ0F7QAHWFPGTVK9T2XNXDB908Z.proposal-trait.proposal-trait&gt;) } (bigmarket-dao:63)
{ enabled: true, event: &quot;extension&quot;, extension: &apos;ST1PQHQKV0RJXZFY1DGX8MNSNYVE3VGZJSRTPGZGM.bme000-0-governance-token } (bigmarket-dao:41)
{ enabled: true, event: &quot;extension&quot;, extension: &apos;ST1PQHQKV0RJXZFY1DGX8MNSNYVE3VGZJSRTPGZGM.bme001-0-proposal-voting } (bigmarket-dao:41)
{ enabled: true, event: &quot;extension&quot;, extension: &apos;ST1PQHQKV0RJXZFY1DGX8MNSNYVE3VGZJSRTPGZGM.bme003-0-core-proposals } (bigmarket-dao:41)
{ enabled: true, event: &quot;extension&quot;, extension: &apos;ST1PQHQKV0RJXZFY1DGX8MNSNYVE3VGZJSRTPGZGM.bme004-0-core-execute } (bigmarket-dao:41)
{ enabled: true, event: &quot;extension&quot;, extension: &apos;ST1PQHQKV0RJXZFY1DGX8MNSNYVE3VGZJSRTPGZGM.bme006-0-treasury } (bigmarket-dao:41)
{ enabled: true, event: &quot;extension&quot;, extension: &apos;ST1PQHQKV0RJXZFY1DGX8MNSNYVE3VGZJSRTPGZGM.bme010-0-token-sale } (bigmarket-dao:41)
{ enabled: true, event: &quot;extension&quot;, extension: &apos;ST1PQHQKV0RJXZFY1DGX8MNSNYVE3VGZJSRTPGZGM.bme010-0-liquidity-contribution } (bigmarket-dao:41)
{ enabled: true, event: &quot;extension&quot;, extension: &apos;ST1PQHQKV0RJXZFY1DGX8MNSNYVE3VGZJSRTPGZGM.bme021-0-market-voting } (bigmarket-dao:41)
{ enabled: true, event: &quot;extension&quot;, extension: &apos;ST1PQHQKV0RJXZFY1DGX8MNSNYVE3VGZJSRTPGZGM.bme022-0-market-gating } (bigmarket-dao:41)
{ enabled: true, event: &quot;extension&quot;, extension: &apos;ST1PQHQKV0RJXZFY1DGX8MNSNYVE3VGZJSRTPGZGM.bme023-0-market-bitcoin } (bigmarket-dao:41)
{ enabled: true, event: &quot;extension&quot;, extension: &apos;ST1PQHQKV0RJXZFY1DGX8MNSNYVE3VGZJSRTPGZGM.bme024-0-market-predicting } (bigmarket-dao:41)
{ enabled: true, event: &quot;extension&quot;, extension: &apos;ST1PQHQKV0RJXZFY1DGX8MNSNYVE3VGZJSRTPGZGM.bme024-0-market-scalar-pyth } (bigmarket-dao:41)
{ enabled: true, event: &quot;extension&quot;, extension: &apos;ST1PQHQKV0RJXZFY1DGX8MNSNYVE3VGZJSRTPGZGM.bme030-0-reputation-token } (bigmarket-dao:41)
{ enabled: true, event: &quot;extension&quot;, extension: &apos;ST1PQHQKV0RJXZFY1DGX8MNSNYVE3VGZJSRTPGZGM.bme040-0-shares-marketplace } (bigmarket-dao:41)
{ event: &quot;set-core-team-member&quot;, member: true, who: &apos;ST1PQHQKV0RJXZFY1DGX8MNSNYVE3VGZJSRTPGZGM } (bme003-0-core-proposals:48)
{ event: &quot;set-core-team-member&quot;, member: true, who: &apos;ST1SJ3DTE5DN7X54YDH5D64R3BCB6A2AG2ZQ8YPD5 } (bme003-0-core-proposals:48)
{ contract-id: &apos;ST1PQHQKV0RJXZFY1DGX8MNSNYVE3VGZJSRTPGZGM.bme024-0-market-scalar-pyth, contract-key: 0xf131a25d1309392f4a51317bbd59d274865a348e4ef6d1eb40f92f56edbe55ef, contract-name: 0x0d0000001b626d653032342d302d6d61726b65742d7363616c61722d70797468, event: &quot;set-merkle-root-by-principal&quot;, merkle-root: (some { merkle-root: 0x26067618f71da1da6fa33c9b7f8d989b87f71ade892e1c55ce3b46ac79a7e64e }) } (bme022-0-market-gating:68)
{ contract-id: &apos;ST1PQHQKV0RJXZFY1DGX8MNSNYVE3VGZJSRTPGZGM.bme024-0-market-predicting, contract-key: 0x54abdeef6da725ddae0b3ed6775656128b152c636a5a44508153639838c60c1b, contract-name: 0x0d0000001a626d653032342d302d6d61726b65742d70726564696374696e67, event: &quot;set-merkle-root-by-principal&quot;, merkle-root: (some { merkle-root: 0x26067618f71da1da6fa33c9b7f8d989b87f71ade892e1c55ce3b46ac79a7e64e }) } (bme022-0-market-gating:68)
{ contract-id: &apos;ST1PQHQKV0RJXZFY1DGX8MNSNYVE3VGZJSRTPGZGM.bme024-0-market-scalar-pyth, contract-key: 0xf131a25d1309392f4a51317bbd59d274865a348e4ef6d1eb40f92f56edbe55ef, contract-name: 0x0d0000001b626d653032342d302d6d61726b65742d7363616c61722d70797468, event: &quot;set-merkle-root-by-principal&quot;, merkle-root: (some { merkle-root: 0x26067618f71da1da6fa33c9b7f8d989b87f71ade892e1c55ce3b46ac79a7e64e }) } (bme022-0-market-gating:68)
{ enabled: true, event: &quot;allowed-token&quot;, token: &apos;ST1PQHQKV0RJXZFY1DGX8MNSNYVE3VGZJSRTPGZGM.wrapped-stx } (bme024-0-market-predicting:145)
{ enabled: true, event: &quot;allowed-token&quot;, token: &apos;ST1PQHQKV0RJXZFY1DGX8MNSNYVE3VGZJSRTPGZGM.sbtc } (bme024-0-market-predicting:145)
{ enabled: true, event: &quot;allowed-token&quot;, token: &apos;ST1PQHQKV0RJXZFY1DGX8MNSNYVE3VGZJSRTPGZGM.tusdh } (bme024-0-market-predicting:145)
{ enabled: true, event: &quot;allowed-token&quot;, token: &apos;ST1PQHQKV0RJXZFY1DGX8MNSNYVE3VGZJSRTPGZGM.tpepe } (bme024-0-market-predicting:145)
{ default-hedge-executor: &apos;ST1PQHQKV0RJXZFY1DGX8MNSNYVE3VGZJSRTPGZGM.bme032-0-scalar-strategy-hedge, event: &quot;default-hedge-executor&quot; } (bme024-0-market-predicting:165)
{ enabled: true, event: &quot;allowed-token&quot;, token: &apos;ST1PQHQKV0RJXZFY1DGX8MNSNYVE3VGZJSRTPGZGM.wrapped-stx } (bme024-0-market-scalar-pyth:164)
{ enabled: true, event: &quot;allowed-token&quot;, token: &apos;ST1PQHQKV0RJXZFY1DGX8MNSNYVE3VGZJSRTPGZGM.sbtc } (bme024-0-market-scalar-pyth:164)
{ enabled: true, event: &quot;allowed-token&quot;, token: &apos;ST1PQHQKV0RJXZFY1DGX8MNSNYVE3VGZJSRTPGZGM.tusdh } (bme024-0-market-scalar-pyth:164)
{ enabled: true, event: &quot;allowed-token&quot;, token: &apos;ST1PQHQKV0RJXZFY1DGX8MNSNYVE3VGZJSRTPGZGM.tpepe } (bme024-0-market-scalar-pyth:164)
{ default-hedge-executor: &apos;ST1PQHQKV0RJXZFY1DGX8MNSNYVE3VGZJSRTPGZGM.bme032-0-scalar-strategy-hedge, event: &quot;default-hedge-executor&quot; } (bme024-0-market-scalar-pyth:184)
{ event: &quot;price-band-width&quot;, feed-id: 0xec7a775f46379b5e943c3526b1c8d54cd49749176b0b98e02dde68d1bd335c17, precent: u2000 } (bme024-0-market-scalar-pyth:202)
{ event: &quot;price-band-width&quot;, feed-id: 0xe62df6c8b4a85fe1a67db44dc12de5db330f7ac66b72dc658afedf0f4a415b43, precent: u100 } (bme024-0-market-scalar-pyth:202)
{ event: &quot;price-band-width&quot;, feed-id: 0xef0d8b6fda2ceba41da15d4095d1da392a0d2f8ed0c6c7bc0f4cfac8c280b56d, precent: u500 } (bme024-0-market-scalar-pyth:202)
{ event: &quot;price-band-width&quot;, feed-id: 0xff61491a931112ddf1bd8147cd1b641375f79f5825126d665480874634fd0ace, precent: u1000 } (bme024-0-market-scalar-pyth:202)
{ amount: u300000000000, current-key: u1, duration: u105120, event: &quot;set-core-team-vesting&quot;, start-block: u5 } (bme000-0-governance-token:95)
{ amount: u300000000000, current-key: u1, duration: u105120, event: &quot;set-core-team-vesting&quot;, start-block: u5 } (bme000-0-governance-token:95)
{ amount: u300000000000, current-key: u1, duration: u105120, event: &quot;set-core-team-vesting&quot;, start-block: u5 } (bme000-0-governance-token:95)
{ amount: u300000000000, current-key: u1, duration: u105120, event: &quot;set-core-team-vesting&quot;, start-block: u5 } (bme000-0-governance-token:95)
{ amount: u300000000000, current-key: u1, duration: u105120, event: &quot;set-core-team-vesting&quot;, start-block: u5 } (bme000-0-governance-token:95)
{ event: &quot;set-tier-weight&quot;, token-id: u1, weight: u1 } (bme030-0-reputation-token:113)
{ event: &quot;set-tier-weight&quot;, token-id: u2, weight: u1 } (bme030-0-reputation-token:113)
{ event: &quot;set-tier-weight&quot;, token-id: u3, weight: u1 } (bme030-0-reputation-token:113)
{ event: &quot;set-tier-weight&quot;, token-id: u4, weight: u2 } (bme030-0-reputation-token:113)
{ event: &quot;set-tier-weight&quot;, token-id: u5, weight: u2 } (bme030-0-reputation-token:113)
{ event: &quot;set-tier-weight&quot;, token-id: u6, weight: u2 } (bme030-0-reputation-token:113)
{ event: &quot;set-tier-weight&quot;, token-id: u7, weight: u3 } (bme030-0-reputation-token:113)
{ event: &quot;set-tier-weight&quot;, token-id: u8, weight: u3 } (bme030-0-reputation-token:113)
{ event: &quot;set-tier-weight&quot;, token-id: u9, weight: u3 } (bme030-0-reputation-token:113)
{ event: &quot;set-tier-weight&quot;, token-id: u10, weight: u5 } (bme030-0-reputation-token:113)
{ event: &quot;set-tier-weight&quot;, token-id: u11, weight: u5 } (bme030-0-reputation-token:113)
{ event: &quot;set-tier-weight&quot;, token-id: u12, weight: u5 } (bme030-0-reputation-token:113)
{ event: &quot;set-tier-weight&quot;, token-id: u13, weight: u8 } (bme030-0-reputation-token:113)
{ event: &quot;set-tier-weight&quot;, token-id: u14, weight: u8 } (bme030-0-reputation-token:113)
{ event: &quot;set-tier-weight&quot;, token-id: u15, weight: u8 } (bme030-0-reputation-token:113)
{ event: &quot;set-tier-weight&quot;, token-id: u16, weight: u13 } (bme030-0-reputation-token:113)
{ event: &quot;set-tier-weight&quot;, token-id: u17, weight: u13 } (bme030-0-reputation-token:113)
{ event: &quot;set-tier-weight&quot;, token-id: u18, weight: u13 } (bme030-0-reputation-token:113)
{ event: &quot;set-tier-weight&quot;, token-id: u19, weight: u21 } (bme030-0-reputation-token:113)
{ event: &quot;set-tier-weight&quot;, token-id: u20, weight: u21 } (bme030-0-reputation-token:113)
&quot;BigMarket DAO has risen.&quot; (bdp000-bootstrap:199)
{ event: &quot;execute&quot;, proposal: (ST1PQHQKV0RJXZFY1DGX8MNSNYVE3VGZJSRTPGZGM.bdp001-gating as &lt;SP3JP0N1ZXGASRJ0F7QAHWFPGTVK9T2XNXDB908Z.proposal-trait.proposal-trait&gt;) } (bigmarket-dao:63)
{ contract-id: &apos;ST1PQHQKV0RJXZFY1DGX8MNSNYVE3VGZJSRTPGZGM.bme024-0-market-predicting, contract-key: 0x54abdeef6da725ddae0b3ed6775656128b152c636a5a44508153639838c60c1b, contract-name: 0x0d0000001a626d653032342d302d6d61726b65742d70726564696374696e67, event: &quot;set-merkle-root-by-principal&quot;, merkle-root: (some { merkle-root: 0x5f24649277af2f6364faf35827dffe12b85f2f1dca5ae92733c72af91455aa64 }) } (bme022-0-market-gating:68)
ST3HAHEV768GAMP34MTEC83PJ4PG6ZSGBX77J7SV0, ST2XFH8D1MM2G11C0S6AZRSNP031RAY92XFABDE58, ST167Z6WFHMV0FZKFCRNWZ33WTB0DFBCW9M1FW3AY, ST105HCS1RTR7D61EZET8CWNEF24ENEN3V6ARBYBJ, ST3SJD6KV86N90W0MREGRTM1GWXN8Z91PF6W0BQKM, STEZD95XQ194X67C1QJW4PHKDG8F5D66ZCYFX27A 
--------------------------------------------------------------------------------------------------------------
TESTNET: MERKLE ROOTS FOR MARKET CREATION: 
ST3HAHEV768GAMP34MTEC83PJ4PG6ZSGBX77J7SV0.bme023-0-market-scalar-pyth: 
key= 0x46a76ff3df9715c4545c21177c73f1dd80997335f7f1c126dd718741879430ad
root= 0x46847487ceffe52a8b7fd861fffdc7642121bff0ff5c4d1f843c550d2775540d
--------------------------------------------------------------------------------------------------------------
--------------------------------------------------------------------------------------------------------------
[
  [32m&apos;SP3HAHEV768GAMP34MTEC83PJ4PG6ZSGBX52CR6XQ&apos;[39m,
  [32m&apos;SPEZD95XQ194X67C1QJW4PHKDG8F5D66ZCT8BY29&apos;[39m,
  [32m&apos;SP2XFH8D1MM2G11C0S6AZRSNP031RAY92XCARPRSQ&apos;[39m,
  [32m&apos;SP3JP0N1ZXGASRJ0F7QAHWFPGTVK9T2XNXDB908Z&apos;[39m,
  [32m&apos;SP2Z2CBMGWB9MQZAF5Z8X56KS69XRV3SJF4WKJ7J9&apos;[39m,
  [32m&apos;SPQE3J7XMMK0DN0BWJZHGE6B05VDYQRXRMDV734D&apos;[39m
]
MAINNET: MERKLE ROOTS FOR MARKET CREATION: 
SP22SW60674C0V6B5E234C7ZD2YR8WXKXXVC48GZR.bme023-0-market-scalar-pyth: 
key= 0x46a76ff3df9715c4545c21177c73f1dd80997335f7f1c126dd718741879430ad
root= 0xa268e9042d73cf2939ba07ddbc2972cd1c6dad1ad30125a57b2ee040e60a2ead

            </system-out>
        </testcase>
        <testcase classname="tests/gating/account-gating.test.ts" name="gating market  creation &gt; can create-market with valid merkle proof" time="0.107">
            <system-out>
{ event: &quot;execute&quot;, proposal: (ST1PQHQKV0RJXZFY1DGX8MNSNYVE3VGZJSRTPGZGM.bdp000-bootstrap as &lt;SP3JP0N1ZXGASRJ0F7QAHWFPGTVK9T2XNXDB908Z.proposal-trait.proposal-trait&gt;) } (bigmarket-dao:63)
{ enabled: true, event: &quot;extension&quot;, extension: &apos;ST1PQHQKV0RJXZFY1DGX8MNSNYVE3VGZJSRTPGZGM.bme000-0-governance-token } (bigmarket-dao:41)
{ enabled: true, event: &quot;extension&quot;, extension: &apos;ST1PQHQKV0RJXZFY1DGX8MNSNYVE3VGZJSRTPGZGM.bme001-0-proposal-voting } (bigmarket-dao:41)
{ enabled: true, event: &quot;extension&quot;, extension: &apos;ST1PQHQKV0RJXZFY1DGX8MNSNYVE3VGZJSRTPGZGM.bme003-0-core-proposals } (bigmarket-dao:41)
{ enabled: true, event: &quot;extension&quot;, extension: &apos;ST1PQHQKV0RJXZFY1DGX8MNSNYVE3VGZJSRTPGZGM.bme004-0-core-execute } (bigmarket-dao:41)
{ enabled: true, event: &quot;extension&quot;, extension: &apos;ST1PQHQKV0RJXZFY1DGX8MNSNYVE3VGZJSRTPGZGM.bme006-0-treasury } (bigmarket-dao:41)
{ enabled: true, event: &quot;extension&quot;, extension: &apos;ST1PQHQKV0RJXZFY1DGX8MNSNYVE3VGZJSRTPGZGM.bme010-0-token-sale } (bigmarket-dao:41)
{ enabled: true, event: &quot;extension&quot;, extension: &apos;ST1PQHQKV0RJXZFY1DGX8MNSNYVE3VGZJSRTPGZGM.bme010-0-liquidity-contribution } (bigmarket-dao:41)
{ enabled: true, event: &quot;extension&quot;, extension: &apos;ST1PQHQKV0RJXZFY1DGX8MNSNYVE3VGZJSRTPGZGM.bme021-0-market-voting } (bigmarket-dao:41)
{ enabled: true, event: &quot;extension&quot;, extension: &apos;ST1PQHQKV0RJXZFY1DGX8MNSNYVE3VGZJSRTPGZGM.bme022-0-market-gating } (bigmarket-dao:41)
{ enabled: true, event: &quot;extension&quot;, extension: &apos;ST1PQHQKV0RJXZFY1DGX8MNSNYVE3VGZJSRTPGZGM.bme023-0-market-bitcoin } (bigmarket-dao:41)
{ enabled: true, event: &quot;extension&quot;, extension: &apos;ST1PQHQKV0RJXZFY1DGX8MNSNYVE3VGZJSRTPGZGM.bme024-0-market-predicting } (bigmarket-dao:41)
{ enabled: true, event: &quot;extension&quot;, extension: &apos;ST1PQHQKV0RJXZFY1DGX8MNSNYVE3VGZJSRTPGZGM.bme024-0-market-scalar-pyth } (bigmarket-dao:41)
{ enabled: true, event: &quot;extension&quot;, extension: &apos;ST1PQHQKV0RJXZFY1DGX8MNSNYVE3VGZJSRTPGZGM.bme030-0-reputation-token } (bigmarket-dao:41)
{ enabled: true, event: &quot;extension&quot;, extension: &apos;ST1PQHQKV0RJXZFY1DGX8MNSNYVE3VGZJSRTPGZGM.bme040-0-shares-marketplace } (bigmarket-dao:41)
{ event: &quot;set-core-team-member&quot;, member: true, who: &apos;ST1PQHQKV0RJXZFY1DGX8MNSNYVE3VGZJSRTPGZGM } (bme003-0-core-proposals:48)
{ event: &quot;set-core-team-member&quot;, member: true, who: &apos;ST1SJ3DTE5DN7X54YDH5D64R3BCB6A2AG2ZQ8YPD5 } (bme003-0-core-proposals:48)
{ contract-id: &apos;ST1PQHQKV0RJXZFY1DGX8MNSNYVE3VGZJSRTPGZGM.bme024-0-market-scalar-pyth, contract-key: 0xf131a25d1309392f4a51317bbd59d274865a348e4ef6d1eb40f92f56edbe55ef, contract-name: 0x0d0000001b626d653032342d302d6d61726b65742d7363616c61722d70797468, event: &quot;set-merkle-root-by-principal&quot;, merkle-root: (some { merkle-root: 0x26067618f71da1da6fa33c9b7f8d989b87f71ade892e1c55ce3b46ac79a7e64e }) } (bme022-0-market-gating:68)
{ contract-id: &apos;ST1PQHQKV0RJXZFY1DGX8MNSNYVE3VGZJSRTPGZGM.bme024-0-market-predicting, contract-key: 0x54abdeef6da725ddae0b3ed6775656128b152c636a5a44508153639838c60c1b, contract-name: 0x0d0000001a626d653032342d302d6d61726b65742d70726564696374696e67, event: &quot;set-merkle-root-by-principal&quot;, merkle-root: (some { merkle-root: 0x26067618f71da1da6fa33c9b7f8d989b87f71ade892e1c55ce3b46ac79a7e64e }) } (bme022-0-market-gating:68)
{ contract-id: &apos;ST1PQHQKV0RJXZFY1DGX8MNSNYVE3VGZJSRTPGZGM.bme024-0-market-scalar-pyth, contract-key: 0xf131a25d1309392f4a51317bbd59d274865a348e4ef6d1eb40f92f56edbe55ef, contract-name: 0x0d0000001b626d653032342d302d6d61726b65742d7363616c61722d70797468, event: &quot;set-merkle-root-by-principal&quot;, merkle-root: (some { merkle-root: 0x26067618f71da1da6fa33c9b7f8d989b87f71ade892e1c55ce3b46ac79a7e64e }) } (bme022-0-market-gating:68)
{ enabled: true, event: &quot;allowed-token&quot;, token: &apos;ST1PQHQKV0RJXZFY1DGX8MNSNYVE3VGZJSRTPGZGM.wrapped-stx } (bme024-0-market-predicting:145)
{ enabled: true, event: &quot;allowed-token&quot;, token: &apos;ST1PQHQKV0RJXZFY1DGX8MNSNYVE3VGZJSRTPGZGM.sbtc } (bme024-0-market-predicting:145)
{ enabled: true, event: &quot;allowed-token&quot;, token: &apos;ST1PQHQKV0RJXZFY1DGX8MNSNYVE3VGZJSRTPGZGM.tusdh } (bme024-0-market-predicting:145)
{ enabled: true, event: &quot;allowed-token&quot;, token: &apos;ST1PQHQKV0RJXZFY1DGX8MNSNYVE3VGZJSRTPGZGM.tpepe } (bme024-0-market-predicting:145)
{ default-hedge-executor: &apos;ST1PQHQKV0RJXZFY1DGX8MNSNYVE3VGZJSRTPGZGM.bme032-0-scalar-strategy-hedge, event: &quot;default-hedge-executor&quot; } (bme024-0-market-predicting:165)
{ enabled: true, event: &quot;allowed-token&quot;, token: &apos;ST1PQHQKV0RJXZFY1DGX8MNSNYVE3VGZJSRTPGZGM.wrapped-stx } (bme024-0-market-scalar-pyth:164)
{ enabled: true, event: &quot;allowed-token&quot;, token: &apos;ST1PQHQKV0RJXZFY1DGX8MNSNYVE3VGZJSRTPGZGM.sbtc } (bme024-0-market-scalar-pyth:164)
{ enabled: true, event: &quot;allowed-token&quot;, token: &apos;ST1PQHQKV0RJXZFY1DGX8MNSNYVE3VGZJSRTPGZGM.tusdh } (bme024-0-market-scalar-pyth:164)
{ enabled: true, event: &quot;allowed-token&quot;, token: &apos;ST1PQHQKV0RJXZFY1DGX8MNSNYVE3VGZJSRTPGZGM.tpepe } (bme024-0-market-scalar-pyth:164)
{ default-hedge-executor: &apos;ST1PQHQKV0RJXZFY1DGX8MNSNYVE3VGZJSRTPGZGM.bme032-0-scalar-strategy-hedge, event: &quot;default-hedge-executor&quot; } (bme024-0-market-scalar-pyth:184)
{ event: &quot;price-band-width&quot;, feed-id: 0xec7a775f46379b5e943c3526b1c8d54cd49749176b0b98e02dde68d1bd335c17, precent: u2000 } (bme024-0-market-scalar-pyth:202)
{ event: &quot;price-band-width&quot;, feed-id: 0xe62df6c8b4a85fe1a67db44dc12de5db330f7ac66b72dc658afedf0f4a415b43, precent: u100 } (bme024-0-market-scalar-pyth:202)
{ event: &quot;price-band-width&quot;, feed-id: 0xef0d8b6fda2ceba41da15d4095d1da392a0d2f8ed0c6c7bc0f4cfac8c280b56d, precent: u500 } (bme024-0-market-scalar-pyth:202)
{ event: &quot;price-band-width&quot;, feed-id: 0xff61491a931112ddf1bd8147cd1b641375f79f5825126d665480874634fd0ace, precent: u1000 } (bme024-0-market-scalar-pyth:202)
{ amount: u300000000000, current-key: u1, duration: u105120, event: &quot;set-core-team-vesting&quot;, start-block: u5 } (bme000-0-governance-token:95)
{ amount: u300000000000, current-key: u1, duration: u105120, event: &quot;set-core-team-vesting&quot;, start-block: u5 } (bme000-0-governance-token:95)
{ amount: u300000000000, current-key: u1, duration: u105120, event: &quot;set-core-team-vesting&quot;, start-block: u5 } (bme000-0-governance-token:95)
{ amount: u300000000000, current-key: u1, duration: u105120, event: &quot;set-core-team-vesting&quot;, start-block: u5 } (bme000-0-governance-token:95)
{ amount: u300000000000, current-key: u1, duration: u105120, event: &quot;set-core-team-vesting&quot;, start-block: u5 } (bme000-0-governance-token:95)
{ event: &quot;set-tier-weight&quot;, token-id: u1, weight: u1 } (bme030-0-reputation-token:113)
{ event: &quot;set-tier-weight&quot;, token-id: u2, weight: u1 } (bme030-0-reputation-token:113)
{ event: &quot;set-tier-weight&quot;, token-id: u3, weight: u1 } (bme030-0-reputation-token:113)
{ event: &quot;set-tier-weight&quot;, token-id: u4, weight: u2 } (bme030-0-reputation-token:113)
{ event: &quot;set-tier-weight&quot;, token-id: u5, weight: u2 } (bme030-0-reputation-token:113)
{ event: &quot;set-tier-weight&quot;, token-id: u6, weight: u2 } (bme030-0-reputation-token:113)
{ event: &quot;set-tier-weight&quot;, token-id: u7, weight: u3 } (bme030-0-reputation-token:113)
{ event: &quot;set-tier-weight&quot;, token-id: u8, weight: u3 } (bme030-0-reputation-token:113)
{ event: &quot;set-tier-weight&quot;, token-id: u9, weight: u3 } (bme030-0-reputation-token:113)
{ event: &quot;set-tier-weight&quot;, token-id: u10, weight: u5 } (bme030-0-reputation-token:113)
{ event: &quot;set-tier-weight&quot;, token-id: u11, weight: u5 } (bme030-0-reputation-token:113)
{ event: &quot;set-tier-weight&quot;, token-id: u12, weight: u5 } (bme030-0-reputation-token:113)
{ event: &quot;set-tier-weight&quot;, token-id: u13, weight: u8 } (bme030-0-reputation-token:113)
{ event: &quot;set-tier-weight&quot;, token-id: u14, weight: u8 } (bme030-0-reputation-token:113)
{ event: &quot;set-tier-weight&quot;, token-id: u15, weight: u8 } (bme030-0-reputation-token:113)
{ event: &quot;set-tier-weight&quot;, token-id: u16, weight: u13 } (bme030-0-reputation-token:113)
{ event: &quot;set-tier-weight&quot;, token-id: u17, weight: u13 } (bme030-0-reputation-token:113)
{ event: &quot;set-tier-weight&quot;, token-id: u18, weight: u13 } (bme030-0-reputation-token:113)
{ event: &quot;set-tier-weight&quot;, token-id: u19, weight: u21 } (bme030-0-reputation-token:113)
{ event: &quot;set-tier-weight&quot;, token-id: u20, weight: u21 } (bme030-0-reputation-token:113)
&quot;BigMarket DAO has risen.&quot; (bdp000-bootstrap:199)
{ event: &quot;propose&quot;, proposal: (ST1PQHQKV0RJXZFY1DGX8MNSNYVE3VGZJSRTPGZGM.bdp001-gating as &lt;SP3JP0N1ZXGASRJ0F7QAHWFPGTVK9T2XNXDB908Z.proposal-trait.proposal-trait&gt;), proposer: &apos;ST1SJ3DTE5DN7X54YDH5D64R3BCB6A2AG2ZQ8YPD5 } (bme001-0-proposal-voting:73)
{ amount: u1000, event: &quot;vote&quot;, for: true, proposal: &apos;ST1PQHQKV0RJXZFY1DGX8MNSNYVE3VGZJSRTPGZGM.bdp001-gating, voter: &apos;ST2CY5V39NHDPWSXMW9QDT3HC3GD6Q6XX4CFRK9AG } (bme001-0-proposal-voting:172)
{ event: &quot;conclude&quot;, passed: true, proposal: (ST1PQHQKV0RJXZFY1DGX8MNSNYVE3VGZJSRTPGZGM.bdp001-gating as &lt;SP3JP0N1ZXGASRJ0F7QAHWFPGTVK9T2XNXDB908Z.proposal-trait.proposal-trait&gt;) } (bme001-0-proposal-voting:193)
{ amount: u6, event: &quot;sft_mint&quot;, recipient: &apos;ST2CY5V39NHDPWSXMW9QDT3HC3GD6Q6XX4CFRK9AG, token-id: u11 } (bme030-0-reputation-token:152)
{ event: &quot;execute&quot;, proposal: (ST1PQHQKV0RJXZFY1DGX8MNSNYVE3VGZJSRTPGZGM.bdp001-gating as &lt;SP3JP0N1ZXGASRJ0F7QAHWFPGTVK9T2XNXDB908Z.proposal-trait.proposal-trait&gt;) } (bigmarket-dao:63)
{ contract-id: &apos;ST1PQHQKV0RJXZFY1DGX8MNSNYVE3VGZJSRTPGZGM.bme024-0-market-predicting, contract-key: 0x54abdeef6da725ddae0b3ed6775656128b152c636a5a44508153639838c60c1b, contract-name: 0x0d0000001a626d653032342d302d6d61726b65742d70726564696374696e67, event: &quot;set-merkle-root-by-principal&quot;, merkle-root: (some { merkle-root: 0x5f24649277af2f6364faf35827dffe12b85f2f1dca5ae92733c72af91455aa64 }) } (bme022-0-market-gating:68)
{ contract-key: 0x54abdeef6da725ddae0b3ed6775656128b152c636a5a44508153639838c60c1b, contract-name: 0x0d0000001a626d653032342d302d6d61726b65742d70726564696374696e67, event: &quot;can-access-by-account&quot;, leaf: 0x70361feed353e5d08a22632f522e787f10b09894e543da5fcc472255afbd1849, proof-valid: true, root: { merkle-root: 0x5f24649277af2f6364faf35827dffe12b85f2f1dca5ae92733c72af91455aa64 }, sender: &apos;ST2CY5V39NHDPWSXMW9QDT3HC3GD6Q6XX4CFRK9AG, txsender: &apos;ST1PQHQKV0RJXZFY1DGX8MNSNYVE3VGZJSRTPGZGM.bme024-0-market-predicting } (bme022-0-market-gating:192)
{ amount: u16, event: &quot;sft_mint&quot;, recipient: &apos;ST2CY5V39NHDPWSXMW9QDT3HC3GD6Q6XX4CFRK9AG, token-id: u2 } (bme030-0-reputation-token:152)
{ categories: (list &quot;nay&quot; &quot;yay&quot;), creator: &apos;ST2CY5V39NHDPWSXMW9QDT3HC3GD6Q6XX4CFRK9AG, event: &quot;create-market&quot;, market-data-hash: 0x54abdeef6da725ddae0b3ed6775656128b152c636a5a44508153639838c60c1b, market-fee-bips: u0, market-id: u0, seed-amount: u100000000, token: (ST1PQHQKV0RJXZFY1DGX8MNSNYVE3VGZJSRTPGZGM.wrapped-stx as &lt;SP2AKWJYC7BNY18W1XXKPGP0YVEK63QJG4793Z2D4.sip-010-trait-ft-standard.sip-010-trait&gt;) } (bme024-0-market-predicting:328)

            </system-out>
        </testcase>
    </testsuite>
</testsuites>
