<?xml version="1.0" encoding="UTF-8" ?>
<testsuites name="vitest tests" tests="2" failures="2" errors="0" time="146.752">
    <testsuite name="tests/cpmm/scalar.test.ts" timestamp="2025-09-28T15:59:00.587Z" hostname="Mikes-MacBook-Pro.local" tests="2" failures="2" errors="0" skipped="0" time="0.213">
        <testcase classname="tests/cpmm/scalar.test.ts" name="claiming errors &gt; err too few categories" time="0.112">
            <failure message="Call contract function error: bme024-0-market-scalar-pyth::create-market(none, &apos;ST1PQHQKV0RJXZFY1DGX8MNSNYVE3VGZJSRTPGZGM.wrapped-stx, 0xfe57bb961c647d98656cc35801e52d3eed46f3cdcc8e840df7af8bd3a04312d5, (list ), &apos;ST1PQHQKV0RJXZFY1DGX8MNSNYVE3VGZJSRTPGZGM.bme022-0-market-gating, none, none, 0xe62df6c8b4a85fe1a67db44dc12de5db330f7ac66b72dc658afedf0f4a415b43, u100000000, none) -&gt; Error calling contract function: Runtime error while interpreting ST1PQHQKV0RJXZFY1DGX8MNSNYVE3VGZJSRTPGZGM.bme024-0-market-scalar-pyth: Unchecked(ContractCallExpectName)">
Unknown Error: Call contract function error: bme024-0-market-scalar-pyth::create-market(none, &apos;ST1PQHQKV0RJXZFY1DGX8MNSNYVE3VGZJSRTPGZGM.wrapped-stx, 0xfe57bb961c647d98656cc35801e52d3eed46f3cdcc8e840df7af8bd3a04312d5, (list ), &apos;ST1PQHQKV0RJXZFY1DGX8MNSNYVE3VGZJSRTPGZGM.bme022-0-market-gating, none, none, 0xe62df6c8b4a85fe1a67db44dc12de5db330f7ac66b72dc658afedf0f4a415b43, u100000000, none) -&gt; Error calling contract function: Runtime error while interpreting ST1PQHQKV0RJXZFY1DGX8MNSNYVE3VGZJSRTPGZGM.bme024-0-market-scalar-pyth: Unchecked(ContractCallExpectName)
            </failure>
        </testcase>
        <testcase classname="tests/cpmm/scalar.test.ts" name="claiming errors &gt; create binary market ok" time="0.1">
            <failure message="Call contract function error: bme024-0-market-scalar-pyth::create-market(none, &apos;ST1PQHQKV0RJXZFY1DGX8MNSNYVE3VGZJSRTPGZGM.wrapped-stx, 0xfe57bb961c647d98656cc35801e52d3eed46f3cdcc8e840df7af8bd3a04312d5, (list ), &apos;ST1PQHQKV0RJXZFY1DGX8MNSNYVE3VGZJSRTPGZGM.bme022-0-market-gating, none, none, 0xe62df6c8b4a85fe1a67db44dc12de5db330f7ac66b72dc658afedf0f4a415b43, u100000000, none) -&gt; Error calling contract function: Runtime error while interpreting ST1PQHQKV0RJXZFY1DGX8MNSNYVE3VGZJSRTPGZGM.bme024-0-market-scalar-pyth: Unchecked(ContractCallExpectName)">
Unknown Error: Call contract function error: bme024-0-market-scalar-pyth::create-market(none, &apos;ST1PQHQKV0RJXZFY1DGX8MNSNYVE3VGZJSRTPGZGM.wrapped-stx, 0xfe57bb961c647d98656cc35801e52d3eed46f3cdcc8e840df7af8bd3a04312d5, (list ), &apos;ST1PQHQKV0RJXZFY1DGX8MNSNYVE3VGZJSRTPGZGM.bme022-0-market-gating, none, none, 0xe62df6c8b4a85fe1a67db44dc12de5db330f7ac66b72dc658afedf0f4a415b43, u100000000, none) -&gt; Error calling contract function: Runtime error while interpreting ST1PQHQKV0RJXZFY1DGX8MNSNYVE3VGZJSRTPGZGM.bme024-0-market-scalar-pyth: Unchecked(ContractCallExpectName)
            </failure>
        </testcase>
    </testsuite>
</testsuites>
